<?xml version="1.0" encoding="utf-8"?>
<CoverageSession xmlns:xsd="http://www.w3.org/2001/XMLSchema" xmlns:xsi="http://www.w3.org/2001/XMLSchema-instance" Version="4.7.922.0">
  <Summary numSequencePoints="530" visitedSequencePoints="251" numBranchPoints="135" visitedBranchPoints="64" sequenceCoverage="47.36" branchCoverage="47.41" maxCyclomaticComplexity="10" minCyclomaticComplexity="1" maxCrapScore="110" minCrapScore="1" visitedClasses="4" numClasses="6" visitedMethods="45" numMethods="67" />
  <Modules>
    <Module hash="F4-AB-CF-AF-40-1A-88-4F-13-F5-DD-AD-7E-40-B3-45-49-FF-62-FD">
      <Summary numSequencePoints="99" visitedSequencePoints="99" numBranchPoints="21" visitedBranchPoints="21" sequenceCoverage="100" branchCoverage="100" maxCyclomaticComplexity="2" minCyclomaticComplexity="1" maxCrapScore="2" minCrapScore="1" visitedClasses="2" numClasses="2" visitedMethods="15" numMethods="15" />
      <ModulePath>C:\Users\tolik\source\repos\Lab9_1\TestApp\bin\Debug\fine-code-coverage\build-output\TestApp.dll</ModulePath>
      <ModuleTime>2023-01-23T16:02:30.7438777Z</ModuleTime>
      <ModuleName>TestApp</ModuleName>
      <Files>
        <File uid="1" fullPath="C:\Users\tolik\source\repos\Lab9_1\TestApp\PointTests.cs" />
        <File uid="2" fullPath="C:\Users\tolik\source\repos\Lab9_1\TestApp\PointArrayTest.cs" />
      </Files>
      <Classes>
        <Class>
          <Summary numSequencePoints="47" visitedSequencePoints="47" numBranchPoints="9" visitedBranchPoints="9" sequenceCoverage="100" branchCoverage="100" maxCyclomaticComplexity="1" minCyclomaticComplexity="1" maxCrapScore="2" minCrapScore="1" visitedClasses="1" numClasses="1" visitedMethods="9" numMethods="9" />
          <FullName>TestApp.PointTests</FullName>
          <Methods>
            <Method visited="true" cyclomaticComplexity="1" nPathComplexity="0" sequenceCoverage="100" branchCoverage="100" crapScore="1" isConstructor="false" isStatic="false" isGetter="false" isSetter="false">
              <Summary numSequencePoints="5" visitedSequencePoints="5" numBranchPoints="1" visitedBranchPoints="1" sequenceCoverage="100" branchCoverage="100" maxCyclomaticComplexity="1" minCyclomaticComplexity="1" maxCrapScore="1" minCrapScore="1" visitedClasses="0" numClasses="0" visitedMethods="1" numMethods="1" />
              <MetadataToken>100663297</MetadataToken>
              <Name>System.Void TestApp.PointTests::TestEmptyCtor()</Name>
              <FileRef uid="1" />
              <SequencePoints>
                <SequencePoint vc="1" uspid="1" ordinal="0" offset="0" sl="11" sc="9" el="11" ec="10" bec="0" bev="0" fileid="1" />
                <SequencePoint vc="1" uspid="2" ordinal="1" offset="1" sl="12" sc="13" el="12" ec="46" bec="0" bev="0" fileid="1" />
                <SequencePoint vc="1" uspid="3" ordinal="2" offset="25" sl="13" sc="13" el="13" ec="40" bec="0" bev="0" fileid="1" />
                <SequencePoint vc="1" uspid="4" ordinal="3" offset="31" sl="14" sc="13" el="14" ec="47" bec="0" bev="0" fileid="1" />
                <SequencePoint vc="1" uspid="5" ordinal="4" offset="39" sl="15" sc="9" el="15" ec="10" bec="0" bev="0" fileid="1" />
              </SequencePoints>
              <BranchPoints />
              <MethodPoint xsi:type="SequencePoint" vc="1" uspid="1" ordinal="0" offset="0" sl="11" sc="9" el="11" ec="10" bec="0" bev="0" fileid="1" />
            </Method>
            <Method visited="true" cyclomaticComplexity="1" nPathComplexity="0" sequenceCoverage="100" branchCoverage="100" crapScore="1" isConstructor="false" isStatic="false" isGetter="false" isSetter="false">
              <Summary numSequencePoints="7" visitedSequencePoints="7" numBranchPoints="1" visitedBranchPoints="1" sequenceCoverage="100" branchCoverage="100" maxCyclomaticComplexity="1" minCyclomaticComplexity="1" maxCrapScore="1" minCrapScore="1" visitedClasses="0" numClasses="0" visitedMethods="1" numMethods="1" />
              <MetadataToken>100663298</MetadataToken>
              <Name>System.Void TestApp.PointTests::TestProp()</Name>
              <FileRef uid="1" />
              <SequencePoints>
                <SequencePoint vc="1" uspid="6" ordinal="0" offset="0" sl="19" sc="9" el="19" ec="10" bec="0" bev="0" fileid="1" />
                <SequencePoint vc="1" uspid="7" ordinal="1" offset="1" sl="20" sc="13" el="20" ec="45" bec="0" bev="0" fileid="1" />
                <SequencePoint vc="1" uspid="8" ordinal="2" offset="25" sl="21" sc="13" el="21" ec="40" bec="0" bev="0" fileid="1" />
                <SequencePoint vc="1" uspid="9" ordinal="3" offset="31" sl="22" sc="13" el="22" ec="27" bec="0" bev="0" fileid="1" />
                <SequencePoint vc="1" uspid="10" ordinal="4" offset="47" sl="23" sc="13" el="23" ec="27" bec="0" bev="0" fileid="1" />
                <SequencePoint vc="1" uspid="11" ordinal="5" offset="63" sl="25" sc="13" el="25" ec="47" bec="0" bev="0" fileid="1" />
                <SequencePoint vc="1" uspid="12" ordinal="6" offset="71" sl="26" sc="9" el="26" ec="10" bec="0" bev="0" fileid="1" />
              </SequencePoints>
              <BranchPoints />
              <MethodPoint xsi:type="SequencePoint" vc="1" uspid="6" ordinal="0" offset="0" sl="19" sc="9" el="19" ec="10" bec="0" bev="0" fileid="1" />
            </Method>
            <Method visited="true" cyclomaticComplexity="1" nPathComplexity="0" sequenceCoverage="100" branchCoverage="100" crapScore="1" isConstructor="false" isStatic="false" isGetter="false" isSetter="false">
              <Summary numSequencePoints="6" visitedSequencePoints="6" numBranchPoints="1" visitedBranchPoints="1" sequenceCoverage="100" branchCoverage="100" maxCyclomaticComplexity="1" minCyclomaticComplexity="1" maxCrapScore="1" minCrapScore="1" visitedClasses="0" numClasses="0" visitedMethods="1" numMethods="1" />
              <MetadataToken>100663299</MetadataToken>
              <Name>System.Void TestApp.PointTests::TestCountDist()</Name>
              <FileRef uid="1" />
              <SequencePoints>
                <SequencePoint vc="1" uspid="13" ordinal="0" offset="0" sl="30" sc="9" el="30" ec="10" bec="0" bev="0" fileid="1" />
                <SequencePoint vc="1" uspid="14" ordinal="1" offset="1" sl="31" sc="13" el="31" ec="83" bec="0" bev="0" fileid="1" />
                <SequencePoint vc="1" uspid="15" ordinal="2" offset="53" sl="33" sc="13" el="33" ec="39" bec="0" bev="0" fileid="1" />
                <SequencePoint vc="1" uspid="16" ordinal="3" offset="77" sl="34" sc="13" el="34" ec="63" bec="0" bev="0" fileid="1" />
                <SequencePoint vc="1" uspid="17" ordinal="4" offset="107" sl="36" sc="13" el="36" ec="47" bec="0" bev="0" fileid="1" />
                <SequencePoint vc="1" uspid="18" ordinal="5" offset="115" sl="37" sc="9" el="37" ec="10" bec="0" bev="0" fileid="1" />
              </SequencePoints>
              <BranchPoints />
              <MethodPoint xsi:type="SequencePoint" vc="1" uspid="13" ordinal="0" offset="0" sl="30" sc="9" el="30" ec="10" bec="0" bev="0" fileid="1" />
            </Method>
            <Method visited="true" cyclomaticComplexity="1" nPathComplexity="0" sequenceCoverage="100" branchCoverage="100" crapScore="1" isConstructor="false" isStatic="false" isGetter="false" isSetter="false">
              <Summary numSequencePoints="5" visitedSequencePoints="5" numBranchPoints="1" visitedBranchPoints="1" sequenceCoverage="100" branchCoverage="100" maxCyclomaticComplexity="1" minCyclomaticComplexity="1" maxCrapScore="1" minCrapScore="1" visitedClasses="0" numClasses="0" visitedMethods="1" numMethods="1" />
              <MetadataToken>100663300</MetadataToken>
              <Name>System.Void TestApp.PointTests::TestUnarOperatorPP()</Name>
              <FileRef uid="1" />
              <SequencePoints>
                <SequencePoint vc="1" uspid="19" ordinal="0" offset="0" sl="41" sc="9" el="41" ec="10" bec="0" bev="0" fileid="1" />
                <SequencePoint vc="1" uspid="20" ordinal="1" offset="1" sl="42" sc="13" el="42" ec="39" bec="0" bev="0" fileid="1" />
                <SequencePoint vc="1" uspid="21" ordinal="2" offset="25" sl="43" sc="13" el="43" ec="43" bec="0" bev="0" fileid="1" />
                <SequencePoint vc="1" uspid="22" ordinal="3" offset="49" sl="45" sc="13" el="45" ec="42" bec="0" bev="0" fileid="1" />
                <SequencePoint vc="1" uspid="23" ordinal="4" offset="64" sl="46" sc="9" el="46" ec="10" bec="0" bev="0" fileid="1" />
              </SequencePoints>
              <BranchPoints />
              <MethodPoint xsi:type="SequencePoint" vc="1" uspid="19" ordinal="0" offset="0" sl="41" sc="9" el="41" ec="10" bec="0" bev="0" fileid="1" />
            </Method>
            <Method visited="true" cyclomaticComplexity="1" nPathComplexity="0" sequenceCoverage="100" branchCoverage="100" crapScore="1" isConstructor="false" isStatic="false" isGetter="false" isSetter="false">
              <Summary numSequencePoints="5" visitedSequencePoints="5" numBranchPoints="1" visitedBranchPoints="1" sequenceCoverage="100" branchCoverage="100" maxCyclomaticComplexity="1" minCyclomaticComplexity="1" maxCrapScore="1" minCrapScore="1" visitedClasses="0" numClasses="0" visitedMethods="1" numMethods="1" />
              <MetadataToken>100663301</MetadataToken>
              <Name>System.Void TestApp.PointTests::TestUnarOperatorMM()</Name>
              <FileRef uid="1" />
              <SequencePoints>
                <SequencePoint vc="1" uspid="24" ordinal="0" offset="0" sl="50" sc="9" el="50" ec="10" bec="0" bev="0" fileid="1" />
                <SequencePoint vc="1" uspid="25" ordinal="1" offset="1" sl="51" sc="13" el="51" ec="39" bec="0" bev="0" fileid="1" />
                <SequencePoint vc="1" uspid="26" ordinal="2" offset="25" sl="52" sc="13" el="52" ec="42" bec="0" bev="0" fileid="1" />
                <SequencePoint vc="1" uspid="27" ordinal="3" offset="49" sl="54" sc="13" el="54" ec="41" bec="0" bev="0" fileid="1" />
                <SequencePoint vc="1" uspid="28" ordinal="4" offset="64" sl="55" sc="9" el="55" ec="10" bec="0" bev="0" fileid="1" />
              </SequencePoints>
              <BranchPoints />
              <MethodPoint xsi:type="SequencePoint" vc="1" uspid="24" ordinal="0" offset="0" sl="50" sc="9" el="50" ec="10" bec="0" bev="0" fileid="1" />
            </Method>
            <Method visited="true" cyclomaticComplexity="1" nPathComplexity="0" sequenceCoverage="100" branchCoverage="100" crapScore="1" isConstructor="false" isStatic="false" isGetter="false" isSetter="false">
              <Summary numSequencePoints="5" visitedSequencePoints="5" numBranchPoints="1" visitedBranchPoints="1" sequenceCoverage="100" branchCoverage="100" maxCyclomaticComplexity="1" minCyclomaticComplexity="1" maxCrapScore="1" minCrapScore="1" visitedClasses="0" numClasses="0" visitedMethods="1" numMethods="1" />
              <MetadataToken>100663302</MetadataToken>
              <Name>System.Void TestApp.PointTests::TestPlusOperator1()</Name>
              <FileRef uid="1" />
              <SequencePoints>
                <SequencePoint vc="1" uspid="29" ordinal="0" offset="0" sl="59" sc="9" el="59" ec="10" bec="0" bev="0" fileid="1" />
                <SequencePoint vc="1" uspid="30" ordinal="1" offset="1" sl="60" sc="13" el="60" ec="40" bec="0" bev="0" fileid="1" />
                <SequencePoint vc="1" uspid="31" ordinal="2" offset="25" sl="61" sc="13" el="61" ec="40" bec="0" bev="0" fileid="1" />
                <SequencePoint vc="1" uspid="32" ordinal="3" offset="49" sl="63" sc="13" el="63" ec="68" bec="0" bev="0" fileid="1" />
                <SequencePoint vc="1" uspid="33" ordinal="4" offset="69" sl="64" sc="9" el="64" ec="10" bec="0" bev="0" fileid="1" />
              </SequencePoints>
              <BranchPoints />
              <MethodPoint xsi:type="SequencePoint" vc="1" uspid="29" ordinal="0" offset="0" sl="59" sc="9" el="59" ec="10" bec="0" bev="0" fileid="1" />
            </Method>
            <Method visited="true" cyclomaticComplexity="1" nPathComplexity="0" sequenceCoverage="100" branchCoverage="100" crapScore="1" isConstructor="false" isStatic="false" isGetter="false" isSetter="false">
              <Summary numSequencePoints="4" visitedSequencePoints="4" numBranchPoints="1" visitedBranchPoints="1" sequenceCoverage="100" branchCoverage="100" maxCyclomaticComplexity="1" minCyclomaticComplexity="1" maxCrapScore="1" minCrapScore="1" visitedClasses="0" numClasses="0" visitedMethods="1" numMethods="1" />
              <MetadataToken>100663303</MetadataToken>
              <Name>System.Void TestApp.PointTests::TestPlusOperator2()</Name>
              <FileRef uid="1" />
              <SequencePoints>
                <SequencePoint vc="1" uspid="34" ordinal="0" offset="0" sl="68" sc="9" el="68" ec="10" bec="0" bev="0" fileid="1" />
                <SequencePoint vc="1" uspid="35" ordinal="1" offset="1" sl="69" sc="13" el="69" ec="41" bec="0" bev="0" fileid="1" />
                <SequencePoint vc="1" uspid="36" ordinal="2" offset="25" sl="71" sc="13" el="71" ec="45" bec="0" bev="0" fileid="1" />
                <SequencePoint vc="1" uspid="37" ordinal="3" offset="61" sl="72" sc="9" el="72" ec="10" bec="0" bev="0" fileid="1" />
              </SequencePoints>
              <BranchPoints />
              <MethodPoint xsi:type="SequencePoint" vc="1" uspid="34" ordinal="0" offset="0" sl="68" sc="9" el="68" ec="10" bec="0" bev="0" fileid="1" />
            </Method>
            <Method visited="true" cyclomaticComplexity="1" nPathComplexity="0" sequenceCoverage="100" branchCoverage="100" crapScore="1" isConstructor="false" isStatic="false" isGetter="false" isSetter="false">
              <Summary numSequencePoints="5" visitedSequencePoints="5" numBranchPoints="1" visitedBranchPoints="1" sequenceCoverage="100" branchCoverage="100" maxCyclomaticComplexity="1" minCyclomaticComplexity="1" maxCrapScore="1" minCrapScore="1" visitedClasses="0" numClasses="0" visitedMethods="1" numMethods="1" />
              <MetadataToken>100663304</MetadataToken>
              <Name>System.Void TestApp.PointTests::TestIntOperator()</Name>
              <FileRef uid="1" />
              <SequencePoints>
                <SequencePoint vc="1" uspid="38" ordinal="0" offset="0" sl="76" sc="9" el="76" ec="10" bec="0" bev="0" fileid="1" />
                <SequencePoint vc="1" uspid="39" ordinal="1" offset="1" sl="77" sc="13" el="77" ec="30" bec="0" bev="0" fileid="1" />
                <SequencePoint vc="1" uspid="40" ordinal="2" offset="3" sl="78" sc="13" el="78" ec="54" bec="0" bev="0" fileid="1" />
                <SequencePoint vc="1" uspid="41" ordinal="3" offset="32" sl="80" sc="13" el="80" ec="47" bec="0" bev="0" fileid="1" />
                <SequencePoint vc="1" uspid="42" ordinal="4" offset="40" sl="81" sc="9" el="81" ec="10" bec="0" bev="0" fileid="1" />
              </SequencePoints>
              <BranchPoints />
              <MethodPoint xsi:type="SequencePoint" vc="1" uspid="38" ordinal="0" offset="0" sl="76" sc="9" el="76" ec="10" bec="0" bev="0" fileid="1" />
            </Method>
            <Method visited="true" cyclomaticComplexity="1" nPathComplexity="0" sequenceCoverage="100" branchCoverage="100" crapScore="1" isConstructor="false" isStatic="false" isGetter="false" isSetter="false">
              <Summary numSequencePoints="5" visitedSequencePoints="5" numBranchPoints="1" visitedBranchPoints="1" sequenceCoverage="100" branchCoverage="100" maxCyclomaticComplexity="1" minCyclomaticComplexity="1" maxCrapScore="1" minCrapScore="1" visitedClasses="0" numClasses="0" visitedMethods="1" numMethods="1" />
              <MetadataToken>100663305</MetadataToken>
              <Name>System.Void TestApp.PointTests::TestDoubleOperator()</Name>
              <FileRef uid="1" />
              <SequencePoints>
                <SequencePoint vc="1" uspid="43" ordinal="0" offset="0" sl="85" sc="9" el="85" ec="10" bec="0" bev="0" fileid="1" />
                <SequencePoint vc="1" uspid="44" ordinal="1" offset="1" sl="86" sc="13" el="86" ec="36" bec="0" bev="0" fileid="1" />
                <SequencePoint vc="1" uspid="45" ordinal="2" offset="11" sl="87" sc="13" el="87" ec="60" bec="0" bev="0" fileid="1" />
                <SequencePoint vc="1" uspid="46" ordinal="3" offset="41" sl="89" sc="13" el="89" ec="47" bec="0" bev="0" fileid="1" />
                <SequencePoint vc="1" uspid="47" ordinal="4" offset="49" sl="90" sc="9" el="90" ec="10" bec="0" bev="0" fileid="1" />
              </SequencePoints>
              <BranchPoints />
              <MethodPoint xsi:type="SequencePoint" vc="1" uspid="43" ordinal="0" offset="0" sl="85" sc="9" el="85" ec="10" bec="0" bev="0" fileid="1" />
            </Method>
            <Method visited="false" cyclomaticComplexity="1" nPathComplexity="0" sequenceCoverage="0" branchCoverage="0" crapScore="2" isConstructor="true" isStatic="false" isGetter="false" isSetter="false">
              <Summary numSequencePoints="0" visitedSequencePoints="0" numBranchPoints="0" visitedBranchPoints="0" sequenceCoverage="0" branchCoverage="0" maxCyclomaticComplexity="1" minCyclomaticComplexity="1" maxCrapScore="2" minCrapScore="2" visitedClasses="0" numClasses="0" visitedMethods="0" numMethods="0" />
              <MetadataToken>100663306</MetadataToken>
              <Name>System.Void TestApp.PointTests::.ctor()</Name>
              <SequencePoints />
              <BranchPoints />
              <MethodPoint vc="0" uspid="48" ordinal="0" offset="0" />
            </Method>
          </Methods>
        </Class>
        <Class>
          <Summary numSequencePoints="52" visitedSequencePoints="52" numBranchPoints="12" visitedBranchPoints="12" sequenceCoverage="100" branchCoverage="100" maxCyclomaticComplexity="2" minCyclomaticComplexity="1" maxCrapScore="2" minCrapScore="1" visitedClasses="1" numClasses="1" visitedMethods="6" numMethods="6" />
          <FullName>TestApp.PointArrayTest</FullName>
          <Methods>
            <Method visited="true" cyclomaticComplexity="1" nPathComplexity="0" sequenceCoverage="100" branchCoverage="100" crapScore="1" isConstructor="false" isStatic="false" isGetter="false" isSetter="false">
              <Summary numSequencePoints="6" visitedSequencePoints="6" numBranchPoints="1" visitedBranchPoints="1" sequenceCoverage="100" branchCoverage="100" maxCyclomaticComplexity="1" minCyclomaticComplexity="1" maxCrapScore="1" minCrapScore="1" visitedClasses="0" numClasses="0" visitedMethods="1" numMethods="1" />
              <MetadataToken>100663307</MetadataToken>
              <Name>System.Void TestApp.PointArrayTest::TestEmptyCtor()</Name>
              <FileRef uid="2" />
              <SequencePoints>
                <SequencePoint vc="1" uspid="49" ordinal="0" offset="0" sl="12" sc="9" el="12" ec="10" bec="0" bev="0" fileid="2" />
                <SequencePoint vc="1" uspid="50" ordinal="1" offset="1" sl="13" sc="13" el="13" ec="43" bec="0" bev="0" fileid="2" />
                <SequencePoint vc="1" uspid="51" ordinal="2" offset="8" sl="14" sc="13" el="14" ec="58" bec="0" bev="0" fileid="2" />
                <SequencePoint vc="1" uspid="52" ordinal="3" offset="15" sl="15" sc="13" el="15" ec="50" bec="0" bev="0" fileid="2" />
                <SequencePoint vc="1" uspid="53" ordinal="4" offset="21" sl="17" sc="13" el="17" ec="47" bec="0" bev="0" fileid="2" />
                <SequencePoint vc="1" uspid="54" ordinal="5" offset="29" sl="18" sc="9" el="18" ec="10" bec="0" bev="0" fileid="2" />
              </SequencePoints>
              <BranchPoints />
              <MethodPoint xsi:type="SequencePoint" vc="1" uspid="49" ordinal="0" offset="0" sl="12" sc="9" el="12" ec="10" bec="0" bev="0" fileid="2" />
            </Method>
            <Method visited="true" cyclomaticComplexity="1" nPathComplexity="0" sequenceCoverage="100" branchCoverage="100" crapScore="1" isConstructor="false" isStatic="false" isGetter="false" isSetter="false">
              <Summary numSequencePoints="4" visitedSequencePoints="4" numBranchPoints="1" visitedBranchPoints="1" sequenceCoverage="100" branchCoverage="100" maxCyclomaticComplexity="1" minCyclomaticComplexity="1" maxCrapScore="1" minCrapScore="1" visitedClasses="0" numClasses="0" visitedMethods="1" numMethods="1" />
              <MetadataToken>100663308</MetadataToken>
              <Name>System.Void TestApp.PointArrayTest::TestRandomCtor()</Name>
              <FileRef uid="2" />
              <SequencePoints>
                <SequencePoint vc="1" uspid="55" ordinal="0" offset="0" sl="22" sc="9" el="22" ec="10" bec="0" bev="0" fileid="2" />
                <SequencePoint vc="1" uspid="56" ordinal="1" offset="1" sl="23" sc="13" el="23" ec="50" bec="0" bev="0" fileid="2" />
                <SequencePoint vc="1" uspid="57" ordinal="2" offset="8" sl="24" sc="13" el="24" ec="52" bec="0" bev="0" fileid="2" />
                <SequencePoint vc="1" uspid="58" ordinal="3" offset="23" sl="25" sc="9" el="25" ec="10" bec="0" bev="0" fileid="2" />
              </SequencePoints>
              <BranchPoints />
              <MethodPoint xsi:type="SequencePoint" vc="1" uspid="55" ordinal="0" offset="0" sl="22" sc="9" el="22" ec="10" bec="0" bev="0" fileid="2" />
            </Method>
            <Method visited="true" cyclomaticComplexity="2" nPathComplexity="2" sequenceCoverage="100" branchCoverage="100" crapScore="2" isConstructor="false" isStatic="false" isGetter="false" isSetter="false">
              <Summary numSequencePoints="13" visitedSequencePoints="13" numBranchPoints="3" visitedBranchPoints="3" sequenceCoverage="100" branchCoverage="100" maxCyclomaticComplexity="2" minCyclomaticComplexity="2" maxCrapScore="2" minCrapScore="2" visitedClasses="0" numClasses="0" visitedMethods="1" numMethods="1" />
              <MetadataToken>100663309</MetadataToken>
              <Name>System.Void TestApp.PointArrayTest::TestArrayProp()</Name>
              <FileRef uid="2" />
              <SequencePoints>
                <SequencePoint vc="1" uspid="59" ordinal="0" offset="0" sl="29" sc="9" el="29" ec="10" bec="0" bev="0" fileid="2" />
                <SequencePoint vc="1" uspid="60" ordinal="1" offset="1" sl="30" sc="13" el="30" ec="43" bec="0" bev="0" fileid="2" />
                <SequencePoint vc="1" uspid="61" ordinal="2" offset="8" sl="31" sc="18" el="31" ec="27" bec="0" bev="0" fileid="2" />
                <SequencePoint vc="7" uspid="62" ordinal="3" offset="12" sl="32" sc="13" el="32" ec="14" bec="0" bev="0" fileid="2" />
                <SequencePoint vc="7" uspid="63" ordinal="4" offset="13" sl="33" sc="17" el="33" ec="45" bec="0" bev="0" fileid="2" />
                <SequencePoint vc="7" uspid="64" ordinal="5" offset="25" sl="34" sc="13" el="34" ec="14" bec="0" bev="0" fileid="2" />
                <SequencePoint vc="7" uspid="65" ordinal="6" offset="26" sl="31" sc="48" el="31" ec="51" bec="0" bev="0" fileid="2" />
                <SequencePoint vc="8" uspid="66" ordinal="7" offset="30" sl="31" sc="29" el="31" ec="46" bec="2" bev="2" fileid="2" />
                <SequencePoint vc="1" uspid="67" ordinal="8" offset="42" sl="35" sc="13" el="35" ec="58" bec="0" bev="0" fileid="2" />
                <SequencePoint vc="1" uspid="68" ordinal="9" offset="49" sl="37" sc="13" el="37" ec="50" bec="0" bev="0" fileid="2" />
                <SequencePoint vc="1" uspid="69" ordinal="10" offset="55" sl="38" sc="13" el="38" ec="36" bec="0" bev="0" fileid="2" />
                <SequencePoint vc="1" uspid="70" ordinal="11" offset="63" sl="40" sc="13" el="40" ec="47" bec="0" bev="0" fileid="2" />
                <SequencePoint vc="1" uspid="71" ordinal="12" offset="71" sl="41" sc="9" el="41" ec="10" bec="0" bev="0" fileid="2" />
              </SequencePoints>
              <BranchPoints>
                <BranchPoint vc="1" uspid="72" ordinal="0" offset="40" sl="31" path="0" offsetend="42" fileid="2" />
                <BranchPoint vc="7" uspid="73" ordinal="1" offset="40" sl="31" path="1" offsetend="12" fileid="2" />
              </BranchPoints>
              <MethodPoint xsi:type="SequencePoint" vc="1" uspid="59" ordinal="0" offset="0" sl="29" sc="9" el="29" ec="10" bec="0" bev="0" fileid="2" />
            </Method>
            <Method visited="true" cyclomaticComplexity="2" nPathComplexity="2" sequenceCoverage="100" branchCoverage="100" crapScore="2" isConstructor="false" isStatic="false" isGetter="false" isSetter="false">
              <Summary numSequencePoints="12" visitedSequencePoints="12" numBranchPoints="3" visitedBranchPoints="3" sequenceCoverage="100" branchCoverage="100" maxCyclomaticComplexity="2" minCyclomaticComplexity="2" maxCrapScore="2" minCrapScore="2" visitedClasses="0" numClasses="0" visitedMethods="1" numMethods="1" />
              <MetadataToken>100663310</MetadataToken>
              <Name>System.Void TestApp.PointArrayTest::TestClosestPointMethod()</Name>
              <FileRef uid="2" />
              <SequencePoints>
                <SequencePoint vc="1" uspid="74" ordinal="0" offset="0" sl="45" sc="9" el="45" ec="10" bec="0" bev="0" fileid="2" />
                <SequencePoint vc="1" uspid="75" ordinal="1" offset="1" sl="46" sc="13" el="46" ec="49" bec="0" bev="0" fileid="2" />
                <SequencePoint vc="1" uspid="76" ordinal="2" offset="7" sl="47" sc="18" el="47" ec="27" bec="0" bev="0" fileid="2" />
                <SequencePoint vc="10" uspid="77" ordinal="3" offset="11" sl="48" sc="13" el="48" ec="14" bec="0" bev="0" fileid="2" />
                <SequencePoint vc="10" uspid="78" ordinal="4" offset="12" sl="49" sc="17" el="49" ec="42" bec="0" bev="0" fileid="2" />
                <SequencePoint vc="10" uspid="79" ordinal="5" offset="28" sl="50" sc="13" el="50" ec="14" bec="0" bev="0" fileid="2" />
                <SequencePoint vc="10" uspid="80" ordinal="6" offset="29" sl="47" sc="37" el="47" ec="40" bec="0" bev="0" fileid="2" />
                <SequencePoint vc="11" uspid="81" ordinal="7" offset="33" sl="47" sc="29" el="47" ec="35" bec="2" bev="2" fileid="2" />
                <SequencePoint vc="1" uspid="82" ordinal="8" offset="44" sl="52" sc="13" el="52" ec="46" bec="0" bev="0" fileid="2" />
                <SequencePoint vc="1" uspid="83" ordinal="9" offset="68" sl="53" sc="13" el="53" ec="57" bec="0" bev="0" fileid="2" />
                <SequencePoint vc="1" uspid="84" ordinal="10" offset="76" sl="55" sc="13" el="55" ec="47" bec="0" bev="0" fileid="2" />
                <SequencePoint vc="1" uspid="85" ordinal="11" offset="84" sl="56" sc="9" el="56" ec="10" bec="0" bev="0" fileid="2" />
              </SequencePoints>
              <BranchPoints>
                <BranchPoint vc="1" uspid="86" ordinal="0" offset="42" sl="47" path="0" offsetend="44" fileid="2" />
                <BranchPoint vc="10" uspid="87" ordinal="1" offset="42" sl="47" path="1" offsetend="11" fileid="2" />
              </BranchPoints>
              <MethodPoint xsi:type="SequencePoint" vc="1" uspid="74" ordinal="0" offset="0" sl="45" sc="9" el="45" ec="10" bec="0" bev="0" fileid="2" />
            </Method>
            <Method visited="true" cyclomaticComplexity="1" nPathComplexity="0" sequenceCoverage="100" branchCoverage="100" crapScore="1" isConstructor="false" isStatic="false" isGetter="false" isSetter="false">
              <Summary numSequencePoints="5" visitedSequencePoints="5" numBranchPoints="1" visitedBranchPoints="1" sequenceCoverage="100" branchCoverage="100" maxCyclomaticComplexity="1" minCyclomaticComplexity="1" maxCrapScore="1" minCrapScore="1" visitedClasses="0" numClasses="0" visitedMethods="1" numMethods="1" />
              <MetadataToken>100663311</MetadataToken>
              <Name>System.Void TestApp.PointArrayTest::TestBinaryPlusOp()</Name>
              <FileRef uid="2" />
              <SequencePoints>
                <SequencePoint vc="1" uspid="88" ordinal="0" offset="0" sl="60" sc="9" el="60" ec="10" bec="0" bev="0" fileid="2" />
                <SequencePoint vc="1" uspid="89" ordinal="1" offset="1" sl="61" sc="13" el="61" ec="62" bec="0" bev="0" fileid="2" />
                <SequencePoint vc="1" uspid="90" ordinal="2" offset="14" sl="62" sc="13" el="62" ec="40" bec="0" bev="0" fileid="2" />
                <SequencePoint vc="1" uspid="91" ordinal="3" offset="44" sl="64" sc="13" el="64" ec="53" bec="0" bev="0" fileid="2" />
                <SequencePoint vc="1" uspid="92" ordinal="4" offset="60" sl="65" sc="9" el="65" ec="10" bec="0" bev="0" fileid="2" />
              </SequencePoints>
              <BranchPoints />
              <MethodPoint xsi:type="SequencePoint" vc="1" uspid="88" ordinal="0" offset="0" sl="60" sc="9" el="60" ec="10" bec="0" bev="0" fileid="2" />
            </Method>
            <Method visited="true" cyclomaticComplexity="2" nPathComplexity="2" sequenceCoverage="100" branchCoverage="100" crapScore="2" isConstructor="false" isStatic="false" isGetter="false" isSetter="false">
              <Summary numSequencePoints="12" visitedSequencePoints="12" numBranchPoints="3" visitedBranchPoints="3" sequenceCoverage="100" branchCoverage="100" maxCyclomaticComplexity="2" minCyclomaticComplexity="2" maxCrapScore="2" minCrapScore="2" visitedClasses="0" numClasses="0" visitedMethods="1" numMethods="1" />
              <MetadataToken>100663312</MetadataToken>
              <Name>System.Void TestApp.PointArrayTest::TestBinaryMinusOp()</Name>
              <FileRef uid="2" />
              <SequencePoints>
                <SequencePoint vc="1" uspid="93" ordinal="0" offset="0" sl="69" sc="9" el="69" ec="10" bec="0" bev="0" fileid="2" />
                <SequencePoint vc="1" uspid="94" ordinal="1" offset="1" sl="70" sc="13" el="70" ec="49" bec="0" bev="0" fileid="2" />
                <SequencePoint vc="1" uspid="95" ordinal="2" offset="7" sl="71" sc="18" el="71" ec="27" bec="0" bev="0" fileid="2" />
                <SequencePoint vc="5" uspid="96" ordinal="3" offset="11" sl="72" sc="13" el="72" ec="14" bec="0" bev="0" fileid="2" />
                <SequencePoint vc="5" uspid="97" ordinal="4" offset="12" sl="73" sc="17" el="73" ec="42" bec="0" bev="0" fileid="2" />
                <SequencePoint vc="5" uspid="98" ordinal="5" offset="28" sl="74" sc="13" el="74" ec="14" bec="0" bev="0" fileid="2" />
                <SequencePoint vc="5" uspid="99" ordinal="6" offset="29" sl="71" sc="36" el="71" ec="39" bec="0" bev="0" fileid="2" />
                <SequencePoint vc="6" uspid="100" ordinal="7" offset="33" sl="71" sc="29" el="71" ec="34" bec="2" bev="2" fileid="2" />
                <SequencePoint vc="1" uspid="101" ordinal="8" offset="41" sl="76" sc="13" el="76" ec="40" bec="0" bev="0" fileid="2" />
                <SequencePoint vc="1" uspid="102" ordinal="9" offset="65" sl="77" sc="13" el="77" ec="25" bec="0" bev="0" fileid="2" />
                <SequencePoint vc="1" uspid="103" ordinal="10" offset="73" sl="79" sc="13" el="79" ec="52" bec="0" bev="0" fileid="2" />
                <SequencePoint vc="1" uspid="104" ordinal="11" offset="88" sl="80" sc="9" el="80" ec="10" bec="0" bev="0" fileid="2" />
              </SequencePoints>
              <BranchPoints>
                <BranchPoint vc="1" uspid="105" ordinal="0" offset="39" sl="71" path="0" offsetend="41" fileid="2" />
                <BranchPoint vc="5" uspid="106" ordinal="1" offset="39" sl="71" path="1" offsetend="11" fileid="2" />
              </BranchPoints>
              <MethodPoint xsi:type="SequencePoint" vc="1" uspid="93" ordinal="0" offset="0" sl="69" sc="9" el="69" ec="10" bec="0" bev="0" fileid="2" />
            </Method>
            <Method visited="false" cyclomaticComplexity="1" nPathComplexity="0" sequenceCoverage="0" branchCoverage="0" crapScore="2" isConstructor="true" isStatic="false" isGetter="false" isSetter="false">
              <Summary numSequencePoints="0" visitedSequencePoints="0" numBranchPoints="0" visitedBranchPoints="0" sequenceCoverage="0" branchCoverage="0" maxCyclomaticComplexity="1" minCyclomaticComplexity="1" maxCrapScore="2" minCrapScore="2" visitedClasses="0" numClasses="0" visitedMethods="0" numMethods="0" />
              <MetadataToken>100663313</MetadataToken>
              <Name>System.Void TestApp.PointArrayTest::.ctor()</Name>
              <SequencePoints />
              <BranchPoints />
              <MethodPoint vc="0" uspid="107" ordinal="0" offset="0" />
            </Method>
          </Methods>
        </Class>
      </Classes>
    </Module>
    <Module hash="19-75-55-E2-1E-0A-0E-8A-A1-20-2B-C0-68-12-D0-A1-C1-54-C1-84">
      <Summary numSequencePoints="431" visitedSequencePoints="152" numBranchPoints="114" visitedBranchPoints="43" sequenceCoverage="35.27" branchCoverage="37.72" maxCyclomaticComplexity="10" minCyclomaticComplexity="1" maxCrapScore="110" minCrapScore="1" visitedClasses="2" numClasses="4" visitedMethods="30" numMethods="52" />
      <ModulePath>C:\Users\tolik\source\repos\Lab9_1\TestApp\bin\Debug\fine-code-coverage\build-output\Lab9_1.exe</ModulePath>
      <ModuleTime>2023-01-23T16:02:30.5292034Z</ModuleTime>
      <ModuleName>Lab9_1</ModuleName>
      <Files>
        <File uid="7" fullPath="C:\Users\tolik\source\repos\Lab9_1\Lab9_1\Events.cs" />
        <File uid="8" fullPath="C:\Users\tolik\source\repos\Lab9_1\Lab9_1\MainWindow.xaml.cs" />
        <File uid="11" fullPath="C:\Users\tolik\source\repos\Lab9_1\Lab9_1\PointArrayEnum.cs" />
        <File uid="12" fullPath="C:\Users\tolik\source\repos\Lab9_1\Lab9_1\PointArray.cs" />
        <File uid="13" fullPath="C:\Users\tolik\source\repos\Lab9_1\Lab9_1\Point.cs" />
      </Files>
      <Classes>
        <Class>
          <Summary numSequencePoints="0" visitedSequencePoints="0" numBranchPoints="0" visitedBranchPoints="0" sequenceCoverage="0" branchCoverage="0" maxCyclomaticComplexity="1" minCyclomaticComplexity="1" maxCrapScore="2" minCrapScore="2" visitedClasses="0" numClasses="0" visitedMethods="0" numMethods="0" />
          <FullName>Lab9_1.App</FullName>
          <Methods>
            <Method visited="false" cyclomaticComplexity="1" nPathComplexity="0" sequenceCoverage="0" branchCoverage="0" crapScore="2" isConstructor="true" isStatic="false" isGetter="false" isSetter="false">
              <Summary numSequencePoints="0" visitedSequencePoints="0" numBranchPoints="0" visitedBranchPoints="0" sequenceCoverage="0" branchCoverage="0" maxCyclomaticComplexity="1" minCyclomaticComplexity="1" maxCrapScore="2" minCrapScore="2" visitedClasses="0" numClasses="0" visitedMethods="0" numMethods="0" />
              <MetadataToken>100663299</MetadataToken>
              <Name>System.Void Lab9_1.App::.ctor()</Name>
              <SequencePoints />
              <BranchPoints />
              <MethodPoint vc="0" uspid="108" ordinal="0" offset="0" />
            </Method>
          </Methods>
        </Class>
        <Class>
          <Summary numSequencePoints="260" visitedSequencePoints="0" numBranchPoints="63" visitedBranchPoints="0" sequenceCoverage="0" branchCoverage="0" maxCyclomaticComplexity="10" minCyclomaticComplexity="1" maxCrapScore="110" minCrapScore="2" visitedClasses="0" numClasses="1" visitedMethods="0" numMethods="17" />
          <FullName>Lab9_1.MainWindow</FullName>
          <Methods>
            <Method visited="false" cyclomaticComplexity="4" nPathComplexity="0" sequenceCoverage="0" branchCoverage="0" crapScore="20" isConstructor="false" isStatic="false" isGetter="false" isSetter="false">
              <Summary numSequencePoints="24" visitedSequencePoints="0" numBranchPoints="1" visitedBranchPoints="0" sequenceCoverage="0" branchCoverage="0" maxCyclomaticComplexity="4" minCyclomaticComplexity="4" maxCrapScore="20" minCrapScore="20" visitedClasses="0" numClasses="0" visitedMethods="0" numMethods="1" />
              <MetadataToken>100663300</MetadataToken>
              <Name>System.Void Lab9_1.MainWindow::RandomButton_Click(System.Object,System.Windows.RoutedEventArgs)</Name>
              <FileRef uid="7" />
              <SequencePoints>
                <SequencePoint vc="0" uspid="109" ordinal="0" offset="0" sl="15" sc="9" el="15" ec="10" bec="0" bev="0" fileid="7" />
                <SequencePoint vc="0" uspid="110" ordinal="1" offset="1" sl="16" sc="13" el="16" ec="68" bec="0" bev="0" fileid="7" />
                <SequencePoint vc="0" uspid="111" ordinal="2" offset="28" sl="17" sc="13" el="17" ec="20" bec="0" bev="0" fileid="7" />
                <SequencePoint vc="0" uspid="112" ordinal="3" offset="29" sl="17" sc="34" el="17" ec="42" bec="0" bev="0" fileid="7" />
                <SequencePoint vc="0" uspid="113" ordinal="4" offset="43" sl="17" sc="22" el="17" ec="30" bec="0" bev="0" fileid="7" />
                <SequencePoint vc="0" uspid="114" ordinal="5" offset="51" sl="18" sc="13" el="18" ec="14" bec="0" bev="0" fileid="7" />
                <SequencePoint vc="0" uspid="115" ordinal="6" offset="52" sl="19" sc="17" el="19" ec="41" bec="0" bev="0" fileid="7" />
                <SequencePoint vc="0" uspid="116" ordinal="7" offset="70" sl="20" sc="13" el="20" ec="14" bec="0" bev="0" fileid="7" />
                <SequencePoint vc="0" uspid="117" ordinal="8" offset="71" sl="17" sc="31" el="17" ec="33" bec="0" bev="0" fileid="7" />
                <SequencePoint vc="0" uspid="118" ordinal="9" offset="97" sl="21" sc="13" el="21" ec="42" bec="0" bev="0" fileid="7" />
                <SequencePoint vc="0" uspid="119" ordinal="10" offset="118" sl="22" sc="13" el="22" ec="43" bec="0" bev="0" fileid="7" />
                <SequencePoint vc="0" uspid="120" ordinal="11" offset="129" sl="23" sc="13" el="23" ec="47" bec="0" bev="0" fileid="7" />
                <SequencePoint vc="0" uspid="121" ordinal="12" offset="140" sl="24" sc="13" el="24" ec="32" bec="0" bev="0" fileid="7" />
                <SequencePoint vc="0" uspid="122" ordinal="13" offset="147" sl="26" sc="13" el="26" ec="20" bec="0" bev="0" fileid="7" />
                <SequencePoint vc="0" uspid="123" ordinal="14" offset="148" sl="26" sc="34" el="26" ec="43" bec="0" bev="0" fileid="7" />
                <SequencePoint vc="0" uspid="124" ordinal="15" offset="162" sl="26" sc="22" el="26" ec="30" bec="0" bev="0" fileid="7" />
                <SequencePoint vc="0" uspid="125" ordinal="16" offset="169" sl="27" sc="13" el="27" ec="14" bec="0" bev="0" fileid="7" />
                <SequencePoint vc="0" uspid="126" ordinal="17" offset="170" sl="28" sc="17" el="28" ec="28" bec="0" bev="0" fileid="7" />
                <SequencePoint vc="0" uspid="127" ordinal="18" offset="177" sl="30" sc="17" el="30" ec="47" bec="0" bev="0" fileid="7" />
                <SequencePoint vc="0" uspid="128" ordinal="19" offset="186" sl="31" sc="17" el="31" ec="35" bec="0" bev="0" fileid="7" />
                <SequencePoint vc="0" uspid="129" ordinal="20" offset="200" sl="32" sc="17" el="32" ec="40" bec="0" bev="0" fileid="7" />
                <SequencePoint vc="0" uspid="130" ordinal="21" offset="219" sl="33" sc="13" el="33" ec="14" bec="0" bev="0" fileid="7" />
                <SequencePoint vc="0" uspid="131" ordinal="22" offset="220" sl="26" sc="31" el="26" ec="33" bec="0" bev="0" fileid="7" />
                <SequencePoint vc="0" uspid="132" ordinal="23" offset="251" sl="34" sc="9" el="34" ec="10" bec="0" bev="0" fileid="7" />
              </SequencePoints>
              <BranchPoints />
              <MethodPoint xsi:type="SequencePoint" vc="0" uspid="109" ordinal="0" offset="0" sl="15" sc="9" el="15" ec="10" bec="0" bev="0" fileid="7" />
            </Method>
            <Method visited="false" cyclomaticComplexity="1" nPathComplexity="0" sequenceCoverage="0" branchCoverage="0" crapScore="2" isConstructor="false" isStatic="false" isGetter="false" isSetter="false">
              <Summary numSequencePoints="12" visitedSequencePoints="0" numBranchPoints="1" visitedBranchPoints="0" sequenceCoverage="0" branchCoverage="0" maxCyclomaticComplexity="1" minCyclomaticComplexity="1" maxCrapScore="2" minCrapScore="2" visitedClasses="0" numClasses="0" visitedMethods="0" numMethods="1" />
              <MetadataToken>100663301</MetadataToken>
              <Name>System.Void Lab9_1.MainWindow::CreationButton_Click(System.Object,System.Windows.RoutedEventArgs)</Name>
              <FileRef uid="7" />
              <SequencePoints>
                <SequencePoint vc="0" uspid="137" ordinal="0" offset="0" sl="37" sc="9" el="37" ec="10" bec="0" bev="0" fileid="7" />
                <SequencePoint vc="0" uspid="138" ordinal="1" offset="1" sl="39" sc="13" el="39" ec="68" bec="0" bev="0" fileid="7" />
                <SequencePoint vc="0" uspid="139" ordinal="2" offset="18" sl="40" sc="13" el="40" ec="60" bec="0" bev="0" fileid="7" />
                <SequencePoint vc="0" uspid="140" ordinal="3" offset="36" sl="41" sc="13" el="41" ec="60" bec="0" bev="0" fileid="7" />
                <SequencePoint vc="0" uspid="141" ordinal="4" offset="54" sl="42" sc="13" el="42" ec="43" bec="0" bev="0" fileid="7" />
                <SequencePoint vc="0" uspid="142" ordinal="5" offset="61" sl="43" sc="13" el="43" ec="60" bec="0" bev="0" fileid="7" />
                <SequencePoint vc="0" uspid="143" ordinal="6" offset="80" sl="45" sc="13" el="45" ec="90" bec="0" bev="0" fileid="7" />
                <SequencePoint vc="0" uspid="144" ordinal="7" offset="109" sl="46" sc="13" el="46" ec="29" bec="0" bev="0" fileid="7" />
                <SequencePoint vc="0" uspid="145" ordinal="8" offset="128" sl="48" sc="13" el="48" ec="74" bec="0" bev="0" fileid="7" />
                <SequencePoint vc="0" uspid="146" ordinal="9" offset="161" sl="50" sc="13" el="50" ec="47" bec="0" bev="0" fileid="7" />
                <SequencePoint vc="0" uspid="147" ordinal="10" offset="180" sl="51" sc="13" el="51" ec="47" bec="0" bev="0" fileid="7" />
                <SequencePoint vc="0" uspid="148" ordinal="11" offset="199" sl="52" sc="9" el="52" ec="10" bec="0" bev="0" fileid="7" />
              </SequencePoints>
              <BranchPoints />
              <MethodPoint xsi:type="SequencePoint" vc="0" uspid="137" ordinal="0" offset="0" sl="37" sc="9" el="37" ec="10" bec="0" bev="0" fileid="7" />
            </Method>
            <Method visited="false" cyclomaticComplexity="1" nPathComplexity="0" sequenceCoverage="0" branchCoverage="0" crapScore="2" isConstructor="false" isStatic="false" isGetter="false" isSetter="false">
              <Summary numSequencePoints="8" visitedSequencePoints="0" numBranchPoints="1" visitedBranchPoints="0" sequenceCoverage="0" branchCoverage="0" maxCyclomaticComplexity="1" minCyclomaticComplexity="1" maxCrapScore="2" minCrapScore="2" visitedClasses="0" numClasses="0" visitedMethods="0" numMethods="1" />
              <MetadataToken>100663302</MetadataToken>
              <Name>System.Void Lab9_1.MainWindow::DeletionButton_Click(System.Object,System.Windows.RoutedEventArgs)</Name>
              <FileRef uid="7" />
              <SequencePoints>
                <SequencePoint vc="0" uspid="149" ordinal="0" offset="0" sl="55" sc="9" el="55" ec="10" bec="0" bev="0" fileid="7" />
                <SequencePoint vc="0" uspid="150" ordinal="1" offset="1" sl="57" sc="13" el="57" ec="68" bec="0" bev="0" fileid="7" />
                <SequencePoint vc="0" uspid="151" ordinal="2" offset="18" sl="58" sc="13" el="58" ec="51" bec="0" bev="0" fileid="7" />
                <SequencePoint vc="0" uspid="152" ordinal="3" offset="31" sl="59" sc="13" el="59" ec="25" bec="0" bev="0" fileid="7" />
                <SequencePoint vc="0" uspid="153" ordinal="4" offset="39" sl="61" sc="13" el="61" ec="45" bec="0" bev="0" fileid="7" />
                <SequencePoint vc="0" uspid="154" ordinal="5" offset="57" sl="62" sc="13" el="62" ec="41" bec="0" bev="0" fileid="7" />
                <SequencePoint vc="0" uspid="155" ordinal="6" offset="86" sl="63" sc="13" el="63" ec="44" bec="0" bev="0" fileid="7" />
                <SequencePoint vc="0" uspid="156" ordinal="7" offset="99" sl="64" sc="9" el="64" ec="10" bec="0" bev="0" fileid="7" />
              </SequencePoints>
              <BranchPoints />
              <MethodPoint xsi:type="SequencePoint" vc="0" uspid="149" ordinal="0" offset="0" sl="55" sc="9" el="55" ec="10" bec="0" bev="0" fileid="7" />
            </Method>
            <Method visited="false" cyclomaticComplexity="5" nPathComplexity="16" sequenceCoverage="0" branchCoverage="0" crapScore="30" isConstructor="false" isStatic="false" isGetter="false" isSetter="false">
              <Summary numSequencePoints="27" visitedSequencePoints="0" numBranchPoints="9" visitedBranchPoints="0" sequenceCoverage="0" branchCoverage="0" maxCyclomaticComplexity="5" minCyclomaticComplexity="5" maxCrapScore="30" minCrapScore="30" visitedClasses="0" numClasses="0" visitedMethods="0" numMethods="1" />
              <MetadataToken>100663303</MetadataToken>
              <Name>System.Void Lab9_1.MainWindow::Cnv_MouseLeftButtonDown(System.Object,System.Windows.Input.MouseButtonEventArgs)</Name>
              <FileRef uid="7" />
              <SequencePoints>
                <SequencePoint vc="0" uspid="157" ordinal="0" offset="0" sl="67" sc="9" el="67" ec="10" bec="0" bev="0" fileid="7" />
                <SequencePoint vc="0" uspid="158" ordinal="1" offset="1" sl="68" sc="13" el="68" ec="30" bec="0" bev="0" fileid="7" />
                <SequencePoint vc="0" uspid="159" ordinal="2" offset="18" sl="69" sc="13" el="69" ec="27" bec="0" bev="0" fileid="7" />
                <SequencePoint vc="0" uspid="160" ordinal="3" offset="35" sl="70" sc="13" el="70" ec="27" bec="0" bev="0" fileid="7" />
                <SequencePoint vc="0" uspid="161" ordinal="4" offset="52" sl="71" sc="13" el="71" ec="35" bec="2" bev="0" fileid="7" />
                <SequencePoint vc="0" uspid="162" ordinal="5" offset="68" sl="71" sc="36" el="71" ec="140" bec="0" bev="0" fileid="7" />
                <SequencePoint vc="0" uspid="163" ordinal="6" offset="132" sl="72" sc="13" el="72" ec="32" bec="0" bev="0" fileid="7" />
                <SequencePoint vc="0" uspid="164" ordinal="7" offset="139" sl="73" sc="13" el="73" ec="30" bec="0" bev="0" fileid="7" />
                <SequencePoint vc="0" uspid="165" ordinal="8" offset="146" sl="75" sc="13" el="75" ec="48" bec="0" bev="0" fileid="7" />
                <SequencePoint vc="0" uspid="166" ordinal="9" offset="159" sl="76" sc="13" el="76" ec="48" bec="0" bev="0" fileid="7" />
                <SequencePoint vc="0" uspid="167" ordinal="10" offset="172" sl="78" sc="13" el="78" ec="44" bec="0" bev="0" fileid="7" />
                <SequencePoint vc="0" uspid="168" ordinal="11" offset="179" sl="79" sc="13" el="79" ec="61" bec="0" bev="0" fileid="7" />
                <SequencePoint vc="0" uspid="169" ordinal="12" offset="197" sl="81" sc="13" el="81" ec="50" bec="2" bev="0" fileid="7" />
                <SequencePoint vc="0" uspid="170" ordinal="13" offset="219" sl="81" sc="51" el="81" ec="58" bec="0" bev="0" fileid="7" />
                <SequencePoint vc="0" uspid="171" ordinal="14" offset="224" sl="82" sc="13" el="82" ec="79" bec="0" bev="0" fileid="7" />
                <SequencePoint vc="0" uspid="172" ordinal="15" offset="253" sl="83" sc="13" el="83" ec="36" bec="0" bev="0" fileid="7" />
                <SequencePoint vc="0" uspid="173" ordinal="16" offset="266" sl="84" sc="13" el="84" ec="41" bec="2" bev="0" fileid="7" />
                <SequencePoint vc="0" uspid="174" ordinal="17" offset="286" sl="85" sc="13" el="85" ec="14" bec="0" bev="0" fileid="7" />
                <SequencePoint vc="0" uspid="175" ordinal="18" offset="287" sl="86" sc="17" el="86" ec="65" bec="0" bev="0" fileid="7" />
                <SequencePoint vc="0" uspid="176" ordinal="19" offset="300" sl="87" sc="13" el="87" ec="14" bec="0" bev="0" fileid="7" />
                <SequencePoint vc="0" uspid="177" ordinal="20" offset="301" sl="88" sc="13" el="88" ec="40" bec="2" bev="0" fileid="7" />
                <SequencePoint vc="0" uspid="178" ordinal="21" offset="321" sl="89" sc="13" el="89" ec="14" bec="0" bev="0" fileid="7" />
                <SequencePoint vc="0" uspid="179" ordinal="22" offset="322" sl="90" sc="17" el="90" ec="80" bec="0" bev="0" fileid="7" />
                <SequencePoint vc="0" uspid="180" ordinal="23" offset="352" sl="91" sc="17" el="91" ec="88" bec="0" bev="0" fileid="7" />
                <SequencePoint vc="0" uspid="181" ordinal="24" offset="385" sl="93" sc="17" el="93" ec="54" bec="0" bev="0" fileid="7" />
                <SequencePoint vc="0" uspid="182" ordinal="25" offset="409" sl="94" sc="13" el="94" ec="14" bec="0" bev="0" fileid="7" />
                <SequencePoint vc="0" uspid="183" ordinal="26" offset="410" sl="95" sc="9" el="95" ec="10" bec="0" bev="0" fileid="7" />
              </SequencePoints>
              <BranchPoints>
                <BranchPoint vc="0" uspid="184" ordinal="0" offset="66" sl="71" path="0" offsetend="68" fileid="7" />
                <BranchPoint vc="0" uspid="185" ordinal="1" offset="66" sl="71" path="1" offsetend="132" fileid="7" />
                <BranchPoint vc="0" uspid="186" ordinal="2" offset="217" sl="81" path="0" offsetchain="219" offsetend="410" fileid="7" />
                <BranchPoint vc="0" uspid="187" ordinal="3" offset="217" sl="81" path="1" offsetend="224" fileid="7" />
                <BranchPoint vc="0" uspid="188" ordinal="4" offset="284" sl="84" path="0" offsetend="286" fileid="7" />
                <BranchPoint vc="0" uspid="189" ordinal="5" offset="284" sl="84" path="1" offsetend="301" fileid="7" />
                <BranchPoint vc="0" uspid="190" ordinal="6" offset="319" sl="88" path="0" offsetend="321" fileid="7" />
                <BranchPoint vc="0" uspid="191" ordinal="7" offset="319" sl="88" path="1" offsetend="410" fileid="7" />
              </BranchPoints>
              <MethodPoint xsi:type="SequencePoint" vc="0" uspid="157" ordinal="0" offset="0" sl="67" sc="9" el="67" ec="10" bec="0" bev="0" fileid="7" />
            </Method>
            <Method visited="false" cyclomaticComplexity="3" nPathComplexity="2" sequenceCoverage="0" branchCoverage="0" crapScore="12" isConstructor="false" isStatic="false" isGetter="false" isSetter="false">
              <Summary numSequencePoints="23" visitedSequencePoints="0" numBranchPoints="3" visitedBranchPoints="0" sequenceCoverage="0" branchCoverage="0" maxCyclomaticComplexity="3" minCyclomaticComplexity="3" maxCrapScore="12" minCrapScore="12" visitedClasses="0" numClasses="0" visitedMethods="0" numMethods="1" />
              <MetadataToken>100663304</MetadataToken>
              <Name>System.Void Lab9_1.MainWindow::Cnv_MouseRightButtonDown(System.Object,System.Windows.Input.MouseButtonEventArgs)</Name>
              <FileRef uid="7" />
              <SequencePoints>
                <SequencePoint vc="0" uspid="192" ordinal="0" offset="0" sl="98" sc="9" el="98" ec="10" bec="0" bev="0" fileid="7" />
                <SequencePoint vc="0" uspid="193" ordinal="1" offset="1" sl="99" sc="13" el="99" ec="35" bec="2" bev="0" fileid="7" />
                <SequencePoint vc="0" uspid="194" ordinal="2" offset="17" sl="99" sc="36" el="99" ec="140" bec="0" bev="0" fileid="7" />
                <SequencePoint vc="0" uspid="195" ordinal="3" offset="81" sl="100" sc="13" el="100" ec="62" bec="0" bev="0" fileid="7" />
                <SequencePoint vc="0" uspid="196" ordinal="4" offset="104" sl="102" sc="13" el="102" ec="20" bec="0" bev="0" fileid="7" />
                <SequencePoint vc="0" uspid="197" ordinal="5" offset="105" sl="102" sc="36" el="102" ec="48" bec="0" bev="0" fileid="7" />
                <SequencePoint vc="0" uspid="198" ordinal="6" offset="119" sl="102" sc="22" el="102" ec="32" bec="0" bev="0" fileid="7" />
                <SequencePoint vc="0" uspid="199" ordinal="7" offset="127" sl="103" sc="13" el="103" ec="14" bec="0" bev="0" fileid="7" />
                <SequencePoint vc="0" uspid="200" ordinal="8" offset="128" sl="104" sc="17" el="104" ec="59" bec="0" bev="0" fileid="7" />
                <SequencePoint vc="0" uspid="201" ordinal="9" offset="146" sl="105" sc="17" el="105" ec="79" bec="0" bev="0" fileid="7" />
                <SequencePoint vc="0" uspid="202" ordinal="10" offset="178" sl="106" sc="13" el="106" ec="14" bec="0" bev="0" fileid="7" />
                <SequencePoint vc="0" uspid="203" ordinal="11" offset="179" sl="102" sc="33" el="102" ec="35" bec="0" bev="0" fileid="7" />
                <SequencePoint vc="0" uspid="204" ordinal="12" offset="205" sl="107" sc="13" el="107" ec="34" bec="0" bev="0" fileid="7" />
                <SequencePoint vc="0" uspid="205" ordinal="13" offset="217" sl="109" sc="13" el="109" ec="30" bec="0" bev="0" fileid="7" />
                <SequencePoint vc="0" uspid="206" ordinal="14" offset="234" sl="110" sc="13" el="110" ec="27" bec="0" bev="0" fileid="7" />
                <SequencePoint vc="0" uspid="207" ordinal="15" offset="251" sl="111" sc="13" el="111" ec="27" bec="0" bev="0" fileid="7" />
                <SequencePoint vc="0" uspid="208" ordinal="16" offset="268" sl="113" sc="13" el="113" ec="114" bec="0" bev="0" fileid="7" />
                <SequencePoint vc="0" uspid="209" ordinal="17" offset="318" sl="114" sc="13" el="114" ec="31" bec="0" bev="0" fileid="7" />
                <SequencePoint vc="0" uspid="210" ordinal="18" offset="325" sl="116" sc="13" el="116" ec="61" bec="0" bev="0" fileid="7" />
                <SequencePoint vc="0" uspid="211" ordinal="19" offset="338" sl="117" sc="13" el="117" ec="52" bec="0" bev="0" fileid="7" />
                <SequencePoint vc="0" uspid="212" ordinal="20" offset="351" sl="118" sc="13" el="118" ec="49" bec="0" bev="0" fileid="7" />
                <SequencePoint vc="0" uspid="213" ordinal="21" offset="364" sl="119" sc="13" el="119" ec="49" bec="0" bev="0" fileid="7" />
                <SequencePoint vc="0" uspid="214" ordinal="22" offset="377" sl="120" sc="9" el="120" ec="10" bec="0" bev="0" fileid="7" />
              </SequencePoints>
              <BranchPoints>
                <BranchPoint vc="0" uspid="215" ordinal="0" offset="15" sl="99" path="0" offsetend="17" fileid="7" />
                <BranchPoint vc="0" uspid="216" ordinal="1" offset="15" sl="99" path="1" offsetend="81" fileid="7" />
              </BranchPoints>
              <MethodPoint xsi:type="SequencePoint" vc="0" uspid="192" ordinal="0" offset="0" sl="98" sc="9" el="98" ec="10" bec="0" bev="0" fileid="7" />
            </Method>
            <Method visited="false" cyclomaticComplexity="2" nPathComplexity="2" sequenceCoverage="0" branchCoverage="0" crapScore="6" isConstructor="false" isStatic="false" isGetter="false" isSetter="false">
              <Summary numSequencePoints="9" visitedSequencePoints="0" numBranchPoints="3" visitedBranchPoints="0" sequenceCoverage="0" branchCoverage="0" maxCyclomaticComplexity="2" minCyclomaticComplexity="2" maxCrapScore="6" minCrapScore="6" visitedClasses="0" numClasses="0" visitedMethods="0" numMethods="1" />
              <MetadataToken>100663305</MetadataToken>
              <Name>System.Void Lab9_1.MainWindow::Button_Click(System.Object,System.Windows.RoutedEventArgs)</Name>
              <FileRef uid="7" />
              <SequencePoints>
                <SequencePoint vc="0" uspid="219" ordinal="0" offset="0" sl="123" sc="9" el="123" ec="10" bec="0" bev="0" fileid="7" />
                <SequencePoint vc="0" uspid="220" ordinal="1" offset="1" sl="124" sc="13" el="124" ec="59" bec="2" bev="0" fileid="7" />
                <SequencePoint vc="0" uspid="221" ordinal="2" offset="31" sl="125" sc="13" el="125" ec="14" bec="0" bev="0" fileid="7" />
                <SequencePoint vc="0" uspid="222" ordinal="3" offset="32" sl="126" sc="17" el="126" ec="28" bec="0" bev="0" fileid="7" />
                <SequencePoint vc="0" uspid="223" ordinal="4" offset="39" sl="128" sc="17" el="128" ec="46" bec="0" bev="0" fileid="7" />
                <SequencePoint vc="0" uspid="224" ordinal="5" offset="46" sl="129" sc="17" el="129" ec="35" bec="0" bev="0" fileid="7" />
                <SequencePoint vc="0" uspid="225" ordinal="6" offset="59" sl="130" sc="17" el="130" ec="40" bec="0" bev="0" fileid="7" />
                <SequencePoint vc="0" uspid="226" ordinal="7" offset="77" sl="131" sc="13" el="131" ec="14" bec="0" bev="0" fileid="7" />
                <SequencePoint vc="0" uspid="227" ordinal="8" offset="78" sl="132" sc="9" el="132" ec="10" bec="0" bev="0" fileid="7" />
              </SequencePoints>
              <BranchPoints>
                <BranchPoint vc="0" uspid="228" ordinal="0" offset="29" sl="124" path="0" offsetend="31" fileid="7" />
                <BranchPoint vc="0" uspid="229" ordinal="1" offset="29" sl="124" path="1" offsetend="78" fileid="7" />
              </BranchPoints>
              <MethodPoint xsi:type="SequencePoint" vc="0" uspid="219" ordinal="0" offset="0" sl="123" sc="9" el="123" ec="10" bec="0" bev="0" fileid="7" />
            </Method>
            <Method visited="false" cyclomaticComplexity="3" nPathComplexity="4" sequenceCoverage="0" branchCoverage="0" crapScore="12" isConstructor="false" isStatic="false" isGetter="false" isSetter="false">
              <Summary numSequencePoints="15" visitedSequencePoints="0" numBranchPoints="5" visitedBranchPoints="0" sequenceCoverage="0" branchCoverage="0" maxCyclomaticComplexity="3" minCyclomaticComplexity="3" maxCrapScore="12" minCrapScore="12" visitedClasses="0" numClasses="0" visitedMethods="0" numMethods="1" />
              <MetadataToken>100663306</MetadataToken>
              <Name>System.Void Lab9_1.MainWindow::calculateButton_Click(System.Object,System.Windows.RoutedEventArgs)</Name>
              <FileRef uid="7" />
              <SequencePoints>
                <SequencePoint vc="0" uspid="230" ordinal="0" offset="0" sl="135" sc="9" el="135" ec="10" bec="0" bev="0" fileid="7" />
                <SequencePoint vc="0" uspid="231" ordinal="1" offset="1" sl="136" sc="13" el="136" ec="28" bec="2" bev="0" fileid="7" />
                <SequencePoint vc="0" uspid="232" ordinal="2" offset="11" sl="137" sc="13" el="137" ec="14" bec="0" bev="0" fileid="7" />
                <SequencePoint vc="0" uspid="233" ordinal="3" offset="12" sl="138" sc="17" el="138" ec="59" bec="0" bev="0" fileid="7" />
                <SequencePoint vc="0" uspid="234" ordinal="4" offset="31" sl="139" sc="17" el="139" ec="101" bec="0" bev="0" fileid="7" />
                <SequencePoint vc="0" uspid="235" ordinal="5" offset="69" sl="141" sc="17" el="141" ec="60" bec="0" bev="0" fileid="7" />
                <SequencePoint vc="0" uspid="236" ordinal="6" offset="96" sl="142" sc="13" el="142" ec="14" bec="0" bev="0" fileid="7" />
                <SequencePoint vc="0" uspid="237" ordinal="7" offset="99" sl="143" sc="18" el="143" ec="46" bec="2" bev="0" fileid="7" />
                <SequencePoint vc="0" uspid="238" ordinal="8" offset="119" sl="144" sc="13" el="144" ec="14" bec="0" bev="0" fileid="7" />
                <SequencePoint vc="0" uspid="239" ordinal="9" offset="120" sl="145" sc="17" el="145" ec="81" bec="0" bev="0" fileid="7" />
                <SequencePoint vc="0" uspid="240" ordinal="10" offset="157" sl="146" sc="17" el="146" ec="81" bec="0" bev="0" fileid="7" />
                <SequencePoint vc="0" uspid="241" ordinal="11" offset="194" sl="148" sc="17" el="148" ec="54" bec="0" bev="0" fileid="7" />
                <SequencePoint vc="0" uspid="242" ordinal="12" offset="223" sl="149" sc="13" el="149" ec="14" bec="0" bev="0" fileid="7" />
                <SequencePoint vc="0" uspid="243" ordinal="13" offset="224" sl="150" sc="13" el="150" ec="52" bec="0" bev="0" fileid="7" />
                <SequencePoint vc="0" uspid="244" ordinal="14" offset="237" sl="151" sc="9" el="151" ec="10" bec="0" bev="0" fileid="7" />
              </SequencePoints>
              <BranchPoints>
                <BranchPoint vc="0" uspid="245" ordinal="0" offset="9" sl="136" path="0" offsetend="11" fileid="7" />
                <BranchPoint vc="0" uspid="246" ordinal="1" offset="9" sl="136" path="1" offsetend="99" fileid="7" />
                <BranchPoint vc="0" uspid="247" ordinal="2" offset="117" sl="143" path="0" offsetend="119" fileid="7" />
                <BranchPoint vc="0" uspid="248" ordinal="3" offset="117" sl="143" path="1" offsetend="224" fileid="7" />
              </BranchPoints>
              <MethodPoint xsi:type="SequencePoint" vc="0" uspid="230" ordinal="0" offset="0" sl="135" sc="9" el="135" ec="10" bec="0" bev="0" fileid="7" />
            </Method>
            <Method visited="false" cyclomaticComplexity="1" nPathComplexity="0" sequenceCoverage="0" branchCoverage="0" crapScore="2" isConstructor="false" isStatic="false" isGetter="false" isSetter="false">
              <Summary numSequencePoints="3" visitedSequencePoints="0" numBranchPoints="1" visitedBranchPoints="0" sequenceCoverage="0" branchCoverage="0" maxCyclomaticComplexity="1" minCyclomaticComplexity="1" maxCrapScore="2" minCrapScore="2" visitedClasses="0" numClasses="0" visitedMethods="0" numMethods="1" />
              <MetadataToken>100663307</MetadataToken>
              <Name>System.Void Lab9_1.MainWindow::maxElem_Click(System.Object,System.Windows.RoutedEventArgs)</Name>
              <FileRef uid="7" />
              <SequencePoints>
                <SequencePoint vc="0" uspid="249" ordinal="0" offset="0" sl="154" sc="9" el="154" ec="10" bec="0" bev="0" fileid="7" />
                <SequencePoint vc="0" uspid="250" ordinal="1" offset="1" sl="155" sc="13" el="155" ec="149" bec="0" bev="0" fileid="7" />
                <SequencePoint vc="0" uspid="251" ordinal="2" offset="114" sl="156" sc="9" el="156" ec="10" bec="0" bev="0" fileid="7" />
              </SequencePoints>
              <BranchPoints />
              <MethodPoint xsi:type="SequencePoint" vc="0" uspid="249" ordinal="0" offset="0" sl="154" sc="9" el="154" ec="10" bec="0" bev="0" fileid="7" />
            </Method>
            <Method visited="false" cyclomaticComplexity="2" nPathComplexity="2" sequenceCoverage="0" branchCoverage="0" crapScore="6" isConstructor="false" isStatic="false" isGetter="false" isSetter="false">
              <Summary numSequencePoints="6" visitedSequencePoints="0" numBranchPoints="3" visitedBranchPoints="0" sequenceCoverage="0" branchCoverage="0" maxCyclomaticComplexity="2" minCyclomaticComplexity="2" maxCrapScore="6" minCrapScore="6" visitedClasses="0" numClasses="0" visitedMethods="0" numMethods="1" />
              <MetadataToken>100663308</MetadataToken>
              <Name>System.Void Lab9_1.MainWindow::DoubleHandle(System.Object,System.Windows.Input.KeyEventArgs)</Name>
              <FileRef uid="7" />
              <SequencePoints>
                <SequencePoint vc="0" uspid="252" ordinal="0" offset="0" sl="159" sc="9" el="159" ec="10" bec="0" bev="0" fileid="7" />
                <SequencePoint vc="0" uspid="253" ordinal="1" offset="1" sl="160" sc="13" el="160" ec="44" bec="2" bev="0" fileid="7" />
                <SequencePoint vc="0" uspid="254" ordinal="2" offset="16" sl="161" sc="13" el="161" ec="14" bec="0" bev="0" fileid="7" />
                <SequencePoint vc="0" uspid="255" ordinal="3" offset="17" sl="162" sc="17" el="162" ec="34" bec="0" bev="0" fileid="7" />
                <SequencePoint vc="0" uspid="256" ordinal="4" offset="25" sl="163" sc="13" el="163" ec="14" bec="0" bev="0" fileid="7" />
                <SequencePoint vc="0" uspid="257" ordinal="5" offset="26" sl="164" sc="9" el="164" ec="10" bec="0" bev="0" fileid="7" />
              </SequencePoints>
              <BranchPoints>
                <BranchPoint vc="0" uspid="258" ordinal="0" offset="14" sl="160" path="0" offsetend="16" fileid="7" />
                <BranchPoint vc="0" uspid="259" ordinal="1" offset="14" sl="160" path="1" offsetend="26" fileid="7" />
              </BranchPoints>
              <MethodPoint xsi:type="SequencePoint" vc="0" uspid="252" ordinal="0" offset="0" sl="159" sc="9" el="159" ec="10" bec="0" bev="0" fileid="7" />
            </Method>
            <Method visited="false" cyclomaticComplexity="2" nPathComplexity="2" sequenceCoverage="0" branchCoverage="0" crapScore="6" isConstructor="false" isStatic="false" isGetter="false" isSetter="false">
              <Summary numSequencePoints="6" visitedSequencePoints="0" numBranchPoints="3" visitedBranchPoints="0" sequenceCoverage="0" branchCoverage="0" maxCyclomaticComplexity="2" minCyclomaticComplexity="2" maxCrapScore="6" minCrapScore="6" visitedClasses="0" numClasses="0" visitedMethods="0" numMethods="1" />
              <MetadataToken>100663309</MetadataToken>
              <Name>System.Void Lab9_1.MainWindow::IntHandle(System.Object,System.Windows.Input.KeyEventArgs)</Name>
              <FileRef uid="7" />
              <SequencePoints>
                <SequencePoint vc="0" uspid="260" ordinal="0" offset="0" sl="167" sc="9" el="167" ec="10" bec="0" bev="0" fileid="7" />
                <SequencePoint vc="0" uspid="261" ordinal="1" offset="1" sl="168" sc="13" el="168" ec="41" bec="2" bev="0" fileid="7" />
                <SequencePoint vc="0" uspid="262" ordinal="2" offset="16" sl="169" sc="13" el="169" ec="14" bec="0" bev="0" fileid="7" />
                <SequencePoint vc="0" uspid="263" ordinal="3" offset="17" sl="170" sc="17" el="170" ec="34" bec="0" bev="0" fileid="7" />
                <SequencePoint vc="0" uspid="264" ordinal="4" offset="25" sl="171" sc="13" el="171" ec="14" bec="0" bev="0" fileid="7" />
                <SequencePoint vc="0" uspid="265" ordinal="5" offset="26" sl="172" sc="9" el="172" ec="10" bec="0" bev="0" fileid="7" />
              </SequencePoints>
              <BranchPoints>
                <BranchPoint vc="0" uspid="266" ordinal="0" offset="14" sl="168" path="0" offsetend="16" fileid="7" />
                <BranchPoint vc="0" uspid="267" ordinal="1" offset="14" sl="168" path="1" offsetend="26" fileid="7" />
              </BranchPoints>
              <MethodPoint xsi:type="SequencePoint" vc="0" uspid="260" ordinal="0" offset="0" sl="167" sc="9" el="167" ec="10" bec="0" bev="0" fileid="7" />
            </Method>
            <Method visited="false" cyclomaticComplexity="10" nPathComplexity="256" sequenceCoverage="0" branchCoverage="0" crapScore="110" isConstructor="false" isStatic="false" isGetter="false" isSetter="false">
              <Summary numSequencePoints="13" visitedSequencePoints="0" numBranchPoints="17" visitedBranchPoints="0" sequenceCoverage="0" branchCoverage="0" maxCyclomaticComplexity="10" minCyclomaticComplexity="10" maxCrapScore="110" minCrapScore="110" visitedClasses="0" numClasses="0" visitedMethods="0" numMethods="1" />
              <MetadataToken>100663310</MetadataToken>
              <Name>System.Boolean Lab9_1.MainWindow::CheckForDouble(System.Object,System.Windows.Input.KeyEventArgs)</Name>
              <FileRef uid="7" />
              <SequencePoints>
                <SequencePoint vc="0" uspid="268" ordinal="0" offset="0" sl="175" sc="9" el="175" ec="10" bec="0" bev="0" fileid="7" />
                <SequencePoint vc="0" uspid="269" ordinal="1" offset="1" sl="176" sc="13" el="176" ec="44" bec="0" bev="0" fileid="7" />
                <SequencePoint vc="0" uspid="270" ordinal="2" offset="8" sl="177" sc="13" el="177" ec="34" bec="0" bev="0" fileid="7" />
                <SequencePoint vc="0" uspid="271" ordinal="3" offset="15" sl="178" sc="13" el="178" ec="56" bec="2" bev="0" fileid="7" />
                <SequencePoint vc="0" uspid="272" ordinal="4" offset="53" sl="180" sc="13" el="180" ec="34" bec="2" bev="0" fileid="7" />
                <SequencePoint vc="0" uspid="273" ordinal="5" offset="70" sl="181" sc="13" el="181" ec="14" bec="0" bev="0" fileid="7" />
                <SequencePoint vc="0" uspid="274" ordinal="6" offset="71" sl="182" sc="17" el="182" ec="54" bec="4" bev="0" fileid="7" />
                <SequencePoint vc="0" uspid="275" ordinal="7" offset="100" sl="182" sc="55" el="182" ec="104" bec="2" bev="0" fileid="7" />
                <SequencePoint vc="0" uspid="276" ordinal="8" offset="124" sl="184" sc="17" el="184" ec="18" bec="0" bev="0" fileid="7" />
                <SequencePoint vc="0" uspid="277" ordinal="9" offset="125" sl="185" sc="21" el="185" ec="112" bec="5" bev="0" fileid="7" />
                <SequencePoint vc="0" uspid="278" ordinal="10" offset="172" sl="189" sc="13" el="189" ec="14" bec="0" bev="0" fileid="7" />
                <SequencePoint vc="0" uspid="279" ordinal="11" offset="173" sl="190" sc="17" el="190" ec="30" bec="0" bev="0" fileid="7" />
                <SequencePoint vc="0" uspid="280" ordinal="12" offset="178" sl="192" sc="9" el="192" ec="10" bec="0" bev="0" fileid="7" />
              </SequencePoints>
              <BranchPoints>
                <BranchPoint vc="0" uspid="281" ordinal="0" offset="22" sl="178" path="0" offsetend="24" fileid="7" />
                <BranchPoint vc="0" uspid="282" ordinal="1" offset="22" sl="178" path="1" offsetend="47" fileid="7" />
                <BranchPoint vc="0" uspid="283" ordinal="2" offset="68" sl="180" path="0" offsetend="70" fileid="7" />
                <BranchPoint vc="0" uspid="284" ordinal="3" offset="68" sl="180" path="1" offsetend="172" fileid="7" />
                <BranchPoint vc="0" uspid="285" ordinal="4" offset="78" sl="182" path="0" offsetend="80" fileid="7" />
                <BranchPoint vc="0" uspid="286" ordinal="5" offset="78" sl="182" path="1" offsetend="93" fileid="7" />
                <BranchPoint vc="0" uspid="287" ordinal="6" offset="98" sl="182" path="0" offsetend="100" fileid="7" />
                <BranchPoint vc="0" uspid="288" ordinal="7" offset="98" sl="182" path="1" offsetend="124" fileid="7" />
                <BranchPoint vc="0" uspid="289" ordinal="8" offset="111" sl="182" path="0" offsetend="113" fileid="7" />
                <BranchPoint vc="0" uspid="290" ordinal="9" offset="111" sl="182" path="1" offsetend="119" fileid="7" />
                <BranchPoint vc="0" uspid="291" ordinal="10" offset="133" sl="185" path="0" offsetend="135" fileid="7" />
                <BranchPoint vc="0" uspid="292" ordinal="11" offset="133" sl="185" path="1" offsetend="145" fileid="7" />
                <BranchPoint vc="0" uspid="293" ordinal="12" offset="143" sl="185" path="0" offsetend="145" fileid="7" />
                <BranchPoint vc="0" uspid="294" ordinal="13" offset="143" sl="185" path="1" offsetend="167" fileid="7" />
                <BranchPoint vc="0" uspid="295" ordinal="14" offset="156" sl="185" path="0" offsetend="158" fileid="7" />
                <BranchPoint vc="0" uspid="296" ordinal="15" offset="156" sl="185" path="1" offsetend="164" fileid="7" />
              </BranchPoints>
              <MethodPoint xsi:type="SequencePoint" vc="0" uspid="268" ordinal="0" offset="0" sl="175" sc="9" el="175" ec="10" bec="0" bev="0" fileid="7" />
            </Method>
            <Method visited="false" cyclomaticComplexity="5" nPathComplexity="16" sequenceCoverage="0" branchCoverage="0" crapScore="30" isConstructor="false" isStatic="false" isGetter="false" isSetter="false">
              <Summary numSequencePoints="12" visitedSequencePoints="0" numBranchPoints="9" visitedBranchPoints="0" sequenceCoverage="0" branchCoverage="0" maxCyclomaticComplexity="5" minCyclomaticComplexity="5" maxCrapScore="30" minCrapScore="30" visitedClasses="0" numClasses="0" visitedMethods="0" numMethods="1" />
              <MetadataToken>100663311</MetadataToken>
              <Name>System.Boolean Lab9_1.MainWindow::CheckForInt(System.Object,System.Windows.Input.KeyEventArgs)</Name>
              <FileRef uid="7" />
              <SequencePoints>
                <SequencePoint vc="0" uspid="297" ordinal="0" offset="0" sl="195" sc="9" el="195" ec="10" bec="0" bev="0" fileid="7" />
                <SequencePoint vc="0" uspid="298" ordinal="1" offset="1" sl="196" sc="13" el="196" ec="44" bec="0" bev="0" fileid="7" />
                <SequencePoint vc="0" uspid="299" ordinal="2" offset="8" sl="197" sc="13" el="197" ec="34" bec="0" bev="0" fileid="7" />
                <SequencePoint vc="0" uspid="300" ordinal="3" offset="15" sl="199" sc="13" el="199" ec="34" bec="2" bev="0" fileid="7" />
                <SequencePoint vc="0" uspid="301" ordinal="4" offset="32" sl="200" sc="13" el="200" ec="14" bec="0" bev="0" fileid="7" />
                <SequencePoint vc="0" uspid="302" ordinal="5" offset="33" sl="201" sc="17" el="201" ec="54" bec="4" bev="0" fileid="7" />
                <SequencePoint vc="0" uspid="303" ordinal="6" offset="60" sl="201" sc="55" el="201" ec="68" bec="0" bev="0" fileid="7" />
                <SequencePoint vc="0" uspid="304" ordinal="7" offset="65" sl="203" sc="17" el="203" ec="18" bec="0" bev="0" fileid="7" />
                <SequencePoint vc="0" uspid="305" ordinal="8" offset="66" sl="204" sc="21" el="204" ec="63" bec="2" bev="0" fileid="7" />
                <SequencePoint vc="0" uspid="306" ordinal="9" offset="96" sl="207" sc="13" el="207" ec="14" bec="0" bev="0" fileid="7" />
                <SequencePoint vc="0" uspid="307" ordinal="10" offset="97" sl="208" sc="17" el="208" ec="30" bec="0" bev="0" fileid="7" />
                <SequencePoint vc="0" uspid="308" ordinal="11" offset="102" sl="211" sc="9" el="211" ec="10" bec="0" bev="0" fileid="7" />
              </SequencePoints>
              <BranchPoints>
                <BranchPoint vc="0" uspid="309" ordinal="0" offset="30" sl="199" path="0" offsetend="32" fileid="7" />
                <BranchPoint vc="0" uspid="310" ordinal="1" offset="30" sl="199" path="1" offsetend="96" fileid="7" />
                <BranchPoint vc="0" uspid="311" ordinal="2" offset="40" sl="201" path="0" offsetend="42" fileid="7" />
                <BranchPoint vc="0" uspid="312" ordinal="3" offset="40" sl="201" path="1" offsetend="55" fileid="7" />
                <BranchPoint vc="0" uspid="313" ordinal="4" offset="58" sl="201" path="0" offsetend="60" fileid="7" />
                <BranchPoint vc="0" uspid="314" ordinal="5" offset="58" sl="201" path="1" offsetend="65" fileid="7" />
                <BranchPoint vc="0" uspid="315" ordinal="6" offset="74" sl="204" path="0" offsetend="76" fileid="7" />
                <BranchPoint vc="0" uspid="316" ordinal="7" offset="74" sl="204" path="1" offsetend="91" fileid="7" />
              </BranchPoints>
              <MethodPoint xsi:type="SequencePoint" vc="0" uspid="297" ordinal="0" offset="0" sl="195" sc="9" el="195" ec="10" bec="0" bev="0" fileid="7" />
            </Method>
            <Method visited="false" cyclomaticComplexity="1" nPathComplexity="0" sequenceCoverage="0" branchCoverage="0" crapScore="2" isConstructor="true" isStatic="false" isGetter="false" isSetter="false">
              <Summary numSequencePoints="8" visitedSequencePoints="0" numBranchPoints="1" visitedBranchPoints="0" sequenceCoverage="0" branchCoverage="0" maxCyclomaticComplexity="1" minCyclomaticComplexity="1" maxCrapScore="2" minCrapScore="2" visitedClasses="0" numClasses="0" visitedMethods="0" numMethods="1" />
              <MetadataToken>100663312</MetadataToken>
              <Name>System.Void Lab9_1.MainWindow::.ctor()</Name>
              <FileRef uid="8" />
              <SequencePoints>
                <SequencePoint vc="0" uspid="317" ordinal="0" offset="0" sl="11" sc="9" el="11" ec="57" bec="0" bev="0" fileid="8" />
                <SequencePoint vc="0" uspid="318" ordinal="1" offset="11" sl="12" sc="9" el="12" ec="60" bec="0" bev="0" fileid="8" />
                <SequencePoint vc="0" uspid="319" ordinal="2" offset="22" sl="13" sc="9" el="13" ec="64" bec="0" bev="0" fileid="8" />
                <SequencePoint vc="0" uspid="320" ordinal="3" offset="33" sl="14" sc="9" el="14" ec="33" bec="0" bev="0" fileid="8" />
                <SequencePoint vc="0" uspid="321" ordinal="4" offset="40" sl="17" sc="9" el="17" ec="28" bec="0" bev="0" fileid="8" />
                <SequencePoint vc="0" uspid="322" ordinal="5" offset="47" sl="18" sc="9" el="18" ec="10" bec="0" bev="0" fileid="8" />
                <SequencePoint vc="0" uspid="323" ordinal="6" offset="48" sl="19" sc="13" el="19" ec="35" bec="0" bev="0" fileid="8" />
                <SequencePoint vc="0" uspid="324" ordinal="7" offset="55" sl="20" sc="9" el="20" ec="10" bec="0" bev="0" fileid="8" />
              </SequencePoints>
              <BranchPoints />
              <MethodPoint xsi:type="SequencePoint" vc="0" uspid="317" ordinal="0" offset="0" sl="11" sc="9" el="11" ec="57" bec="0" bev="0" fileid="8" />
            </Method>
            <Method visited="false" cyclomaticComplexity="1" nPathComplexity="0" sequenceCoverage="0" branchCoverage="0" crapScore="2" isConstructor="false" isStatic="false" isGetter="false" isSetter="false">
              <Summary numSequencePoints="37" visitedSequencePoints="0" numBranchPoints="1" visitedBranchPoints="0" sequenceCoverage="0" branchCoverage="0" maxCyclomaticComplexity="1" minCyclomaticComplexity="1" maxCrapScore="2" minCrapScore="2" visitedClasses="0" numClasses="0" visitedMethods="0" numMethods="1" />
              <MetadataToken>100663313</MetadataToken>
              <Name>System.Windows.Controls.Canvas Lab9_1.MainWindow::CreatePointUI()</Name>
              <FileRef uid="8" />
              <SequencePoints>
                <SequencePoint vc="0" uspid="325" ordinal="0" offset="0" sl="23" sc="9" el="23" ec="10" bec="0" bev="0" fileid="8" />
                <SequencePoint vc="0" uspid="326" ordinal="1" offset="1" sl="24" sc="13" el="24" ec="39" bec="0" bev="0" fileid="8" />
                <SequencePoint vc="0" uspid="327" ordinal="2" offset="7" sl="25" sc="13" el="25" ec="29" bec="0" bev="0" fileid="8" />
                <SequencePoint vc="0" uspid="328" ordinal="3" offset="23" sl="26" sc="13" el="26" ec="29" bec="0" bev="0" fileid="8" />
                <SequencePoint vc="0" uspid="329" ordinal="4" offset="39" sl="27" sc="13" el="27" ec="35" bec="0" bev="0" fileid="8" />
                <SequencePoint vc="0" uspid="330" ordinal="5" offset="55" sl="28" sc="13" el="28" ec="64" bec="0" bev="0" fileid="8" />
                <SequencePoint vc="0" uspid="331" ordinal="6" offset="74" sl="29" sc="13" el="29" ec="66" bec="0" bev="0" fileid="8" />
                <SequencePoint vc="0" uspid="332" ordinal="7" offset="93" sl="31" sc="13" el="31" ec="47" bec="0" bev="0" fileid="8" />
                <SequencePoint vc="0" uspid="333" ordinal="8" offset="99" sl="32" sc="13" el="32" ec="34" bec="0" bev="0" fileid="8" />
                <SequencePoint vc="0" uspid="334" ordinal="9" offset="115" sl="33" sc="13" el="33" ec="35" bec="0" bev="0" fileid="8" />
                <SequencePoint vc="0" uspid="335" ordinal="10" offset="131" sl="34" sc="13" el="34" ec="41" bec="0" bev="0" fileid="8" />
                <SequencePoint vc="0" uspid="336" ordinal="11" offset="147" sl="35" sc="13" el="35" ec="43" bec="0" bev="0" fileid="8" />
                <SequencePoint vc="0" uspid="337" ordinal="12" offset="163" sl="37" sc="13" el="37" ec="44" bec="0" bev="0" fileid="8" />
                <SequencePoint vc="0" uspid="338" ordinal="13" offset="169" sl="38" sc="13" el="38" ec="31" bec="0" bev="0" fileid="8" />
                <SequencePoint vc="0" uspid="339" ordinal="14" offset="185" sl="39" sc="13" el="39" ec="32" bec="0" bev="0" fileid="8" />
                <SequencePoint vc="0" uspid="340" ordinal="15" offset="201" sl="40" sc="13" el="40" ec="44" bec="0" bev="0" fileid="8" />
                <SequencePoint vc="0" uspid="341" ordinal="16" offset="220" sl="41" sc="13" el="41" ec="38" bec="0" bev="0" fileid="8" />
                <SequencePoint vc="0" uspid="342" ordinal="17" offset="236" sl="42" sc="13" el="42" ec="40" bec="0" bev="0" fileid="8" />
[...]
              <Summary numSequencePoints="3" visitedSequencePoints="3" numBranchPoints="1" visitedBranchPoints="1" sequenceCoverage="100" branchCoverage="100" maxCyclomaticComplexity="1" minCyclomaticComplexity="1" maxCrapScore="1" minCrapScore="1" visitedClasses="0" numClasses="0" visitedMethods="1" numMethods="1" />
              <MetadataToken>100663340</MetadataToken>
              <Name>System.Void Lab9_1.Point::set_Y(System.Double)</Name>
              <FileRef uid="13" />
              <SequencePoints>
                <SequencePoint vc="1" uspid="561" ordinal="0" offset="0" sl="21" sc="17" el="21" ec="18" bec="0" bev="0" fileid="13" />
                <SequencePoint vc="1" uspid="562" ordinal="1" offset="1" sl="21" sc="19" el="21" ec="29" bec="0" bev="0" fileid="13" />
                <SequencePoint vc="1" uspid="563" ordinal="2" offset="8" sl="21" sc="30" el="21" ec="31" bec="0" bev="0" fileid="13" />
              </SequencePoints>
              <BranchPoints />
              <MethodPoint xsi:type="SequencePoint" vc="1" uspid="561" ordinal="0" offset="0" sl="21" sc="17" el="21" ec="18" bec="0" bev="0" fileid="13" />
            </Method>
            <Method visited="true" cyclomaticComplexity="1" nPathComplexity="0" sequenceCoverage="100" branchCoverage="100" crapScore="1" isConstructor="true" isStatic="false" isGetter="false" isSetter="false">
              <Summary numSequencePoints="6" visitedSequencePoints="6" numBranchPoints="1" visitedBranchPoints="1" sequenceCoverage="100" branchCoverage="100" maxCyclomaticComplexity="1" minCyclomaticComplexity="1" maxCrapScore="1" minCrapScore="1" visitedClasses="0" numClasses="0" visitedMethods="1" numMethods="1" />
              <MetadataToken>100663341</MetadataToken>
              <Name>System.Void Lab9_1.Point::.ctor()</Name>
              <FileRef uid="13" />
              <SequencePoints>
                <SequencePoint vc="13" uspid="564" ordinal="0" offset="0" sl="24" sc="9" el="24" ec="23" bec="0" bev="0" fileid="13" />
                <SequencePoint vc="13" uspid="565" ordinal="1" offset="7" sl="25" sc="9" el="25" ec="10" bec="0" bev="0" fileid="13" />
                <SequencePoint vc="13" uspid="566" ordinal="2" offset="8" sl="26" sc="13" el="26" ec="19" bec="0" bev="0" fileid="13" />
                <SequencePoint vc="13" uspid="567" ordinal="3" offset="23" sl="27" sc="13" el="27" ec="19" bec="0" bev="0" fileid="13" />
                <SequencePoint vc="13" uspid="568" ordinal="4" offset="38" sl="28" sc="13" el="28" ec="22" bec="0" bev="0" fileid="13" />
                <SequencePoint vc="13" uspid="569" ordinal="5" offset="50" sl="29" sc="9" el="29" ec="10" bec="0" bev="0" fileid="13" />
              </SequencePoints>
              <BranchPoints />
              <MethodPoint xsi:type="SequencePoint" vc="13" uspid="564" ordinal="0" offset="0" sl="24" sc="9" el="24" ec="23" bec="0" bev="0" fileid="13" />
            </Method>
            <Method visited="true" cyclomaticComplexity="1" nPathComplexity="0" sequenceCoverage="100" branchCoverage="100" crapScore="1" isConstructor="true" isStatic="false" isGetter="false" isSetter="false">
              <Summary numSequencePoints="6" visitedSequencePoints="6" numBranchPoints="1" visitedBranchPoints="1" sequenceCoverage="100" branchCoverage="100" maxCyclomaticComplexity="1" minCyclomaticComplexity="1" maxCrapScore="1" minCrapScore="1" visitedClasses="0" numClasses="0" visitedMethods="1" numMethods="1" />
              <MetadataToken>100663342</MetadataToken>
              <Name>System.Void Lab9_1.Point::.ctor(System.Double,System.Double)</Name>
              <FileRef uid="13" />
              <SequencePoints>
                <SequencePoint vc="44" uspid="570" ordinal="0" offset="0" sl="31" sc="9" el="31" ec="52" bec="0" bev="0" fileid="13" />
                <SequencePoint vc="44" uspid="571" ordinal="1" offset="7" sl="32" sc="9" el="32" ec="10" bec="0" bev="0" fileid="13" />
                <SequencePoint vc="44" uspid="572" ordinal="2" offset="8" sl="33" sc="13" el="33" ec="24" bec="0" bev="0" fileid="13" />
                <SequencePoint vc="44" uspid="573" ordinal="3" offset="15" sl="34" sc="13" el="34" ec="24" bec="0" bev="0" fileid="13" />
                <SequencePoint vc="44" uspid="574" ordinal="4" offset="22" sl="35" sc="13" el="35" ec="22" bec="0" bev="0" fileid="13" />
                <SequencePoint vc="44" uspid="575" ordinal="5" offset="34" sl="36" sc="9" el="36" ec="10" bec="0" bev="0" fileid="13" />
              </SequencePoints>
              <BranchPoints />
              <MethodPoint xsi:type="SequencePoint" vc="44" uspid="570" ordinal="0" offset="0" sl="31" sc="9" el="31" ec="52" bec="0" bev="0" fileid="13" />
            </Method>
            <Method visited="true" cyclomaticComplexity="1" nPathComplexity="0" sequenceCoverage="100" branchCoverage="100" crapScore="1" isConstructor="false" isStatic="false" isGetter="false" isSetter="false">
              <Summary numSequencePoints="3" visitedSequencePoints="3" numBranchPoints="1" visitedBranchPoints="1" sequenceCoverage="100" branchCoverage="100" maxCyclomaticComplexity="1" minCyclomaticComplexity="1" maxCrapScore="1" minCrapScore="1" visitedClasses="0" numClasses="0" visitedMethods="1" numMethods="1" />
              <MetadataToken>100663343</MetadataToken>
              <Name>System.Double Lab9_1.Point::countDistance(Lab9_1.Point)</Name>
              <FileRef uid="13" />
              <SequencePoints>
                <SequencePoint vc="12" uspid="576" ordinal="0" offset="0" sl="39" sc="9" el="39" ec="10" bec="0" bev="0" fileid="13" />
                <SequencePoint vc="12" uspid="577" ordinal="1" offset="1" sl="40" sc="13" el="40" ec="77" bec="0" bev="0" fileid="13" />
                <SequencePoint vc="12" uspid="578" ordinal="2" offset="64" sl="41" sc="9" el="41" ec="10" bec="0" bev="0" fileid="13" />
              </SequencePoints>
              <BranchPoints />
              <MethodPoint xsi:type="SequencePoint" vc="12" uspid="576" ordinal="0" offset="0" sl="39" sc="9" el="39" ec="10" bec="0" bev="0" fileid="13" />
            </Method>
            <Method visited="true" cyclomaticComplexity="1" nPathComplexity="0" sequenceCoverage="100" branchCoverage="100" crapScore="1" isConstructor="false" isStatic="true" isGetter="false" isSetter="false">
              <Summary numSequencePoints="3" visitedSequencePoints="3" numBranchPoints="1" visitedBranchPoints="1" sequenceCoverage="100" branchCoverage="100" maxCyclomaticComplexity="1" minCyclomaticComplexity="1" maxCrapScore="1" minCrapScore="1" visitedClasses="0" numClasses="0" visitedMethods="1" numMethods="1" />
              <MetadataToken>100663344</MetadataToken>
              <Name>System.Double Lab9_1.Point::countDistance(Lab9_1.Point,Lab9_1.Point)</Name>
              <FileRef uid="13" />
              <SequencePoints>
                <SequencePoint vc="3" uspid="579" ordinal="0" offset="0" sl="44" sc="9" el="44" ec="10" bec="0" bev="0" fileid="13" />
                <SequencePoint vc="3" uspid="580" ordinal="1" offset="1" sl="45" sc="13" el="45" ec="95" bec="0" bev="0" fileid="13" />
                <SequencePoint vc="3" uspid="581" ordinal="2" offset="64" sl="46" sc="9" el="46" ec="10" bec="0" bev="0" fileid="13" />
              </SequencePoints>
              <BranchPoints />
              <MethodPoint xsi:type="SequencePoint" vc="3" uspid="579" ordinal="0" offset="0" sl="44" sc="9" el="44" ec="10" bec="0" bev="0" fileid="13" />
            </Method>
            <Method visited="true" cyclomaticComplexity="1" nPathComplexity="0" sequenceCoverage="100" branchCoverage="100" crapScore="1" isConstructor="false" isStatic="true" isGetter="false" isSetter="false">
              <Summary numSequencePoints="5" visitedSequencePoints="5" numBranchPoints="1" visitedBranchPoints="1" sequenceCoverage="100" branchCoverage="100" maxCyclomaticComplexity="1" minCyclomaticComplexity="1" maxCrapScore="1" minCrapScore="1" visitedClasses="0" numClasses="0" visitedMethods="1" numMethods="1" />
              <MetadataToken>100663345</MetadataToken>
              <Name>Lab9_1.Point Lab9_1.Point::op_Increment(Lab9_1.Point)</Name>
              <FileRef uid="13" />
              <SequencePoints>
                <SequencePoint vc="1" uspid="582" ordinal="0" offset="0" sl="49" sc="9" el="49" ec="10" bec="0" bev="0" fileid="13" />
                <SequencePoint vc="1" uspid="583" ordinal="1" offset="1" sl="50" sc="13" el="50" ec="20" bec="0" bev="0" fileid="13" />
                <SequencePoint vc="1" uspid="584" ordinal="2" offset="23" sl="51" sc="13" el="51" ec="20" bec="0" bev="0" fileid="13" />
                <SequencePoint vc="1" uspid="585" ordinal="3" offset="45" sl="52" sc="13" el="52" ec="23" bec="0" bev="0" fileid="13" />
                <SequencePoint vc="1" uspid="586" ordinal="4" offset="49" sl="53" sc="9" el="53" ec="10" bec="0" bev="0" fileid="13" />
              </SequencePoints>
              <BranchPoints />
              <MethodPoint xsi:type="SequencePoint" vc="1" uspid="582" ordinal="0" offset="0" sl="49" sc="9" el="49" ec="10" bec="0" bev="0" fileid="13" />
            </Method>
            <Method visited="true" cyclomaticComplexity="1" nPathComplexity="0" sequenceCoverage="100" branchCoverage="100" crapScore="1" isConstructor="false" isStatic="true" isGetter="false" isSetter="false">
              <Summary numSequencePoints="5" visitedSequencePoints="5" numBranchPoints="1" visitedBranchPoints="1" sequenceCoverage="100" branchCoverage="100" maxCyclomaticComplexity="1" minCyclomaticComplexity="1" maxCrapScore="1" minCrapScore="1" visitedClasses="0" numClasses="0" visitedMethods="1" numMethods="1" />
              <MetadataToken>100663346</MetadataToken>
              <Name>Lab9_1.Point Lab9_1.Point::op_Decrement(Lab9_1.Point)</Name>
              <FileRef uid="13" />
              <SequencePoints>
                <SequencePoint vc="1" uspid="587" ordinal="0" offset="0" sl="56" sc="9" el="56" ec="10" bec="0" bev="0" fileid="13" />
                <SequencePoint vc="1" uspid="588" ordinal="1" offset="1" sl="57" sc="13" el="57" ec="20" bec="0" bev="0" fileid="13" />
                <SequencePoint vc="1" uspid="589" ordinal="2" offset="23" sl="58" sc="13" el="58" ec="20" bec="0" bev="0" fileid="13" />
                <SequencePoint vc="1" uspid="590" ordinal="3" offset="45" sl="59" sc="13" el="59" ec="23" bec="0" bev="0" fileid="13" />
                <SequencePoint vc="1" uspid="591" ordinal="4" offset="49" sl="60" sc="9" el="60" ec="10" bec="0" bev="0" fileid="13" />
              </SequencePoints>
              <BranchPoints />
              <MethodPoint xsi:type="SequencePoint" vc="1" uspid="587" ordinal="0" offset="0" sl="56" sc="9" el="56" ec="10" bec="0" bev="0" fileid="13" />
            </Method>
            <Method visited="true" cyclomaticComplexity="1" nPathComplexity="0" sequenceCoverage="100" branchCoverage="100" crapScore="1" isConstructor="false" isStatic="true" isGetter="false" isSetter="false">
              <Summary numSequencePoints="3" visitedSequencePoints="3" numBranchPoints="1" visitedBranchPoints="1" sequenceCoverage="100" branchCoverage="100" maxCyclomaticComplexity="1" minCyclomaticComplexity="1" maxCrapScore="1" minCrapScore="1" visitedClasses="0" numClasses="0" visitedMethods="1" numMethods="1" />
              <MetadataToken>100663347</MetadataToken>
              <Name>System.Int32 Lab9_1.Point::op_Explicit(Lab9_1.Point)</Name>
              <FileRef uid="13" />
              <SequencePoints>
                <SequencePoint vc="1" uspid="592" ordinal="0" offset="0" sl="63" sc="9" el="63" ec="10" bec="0" bev="0" fileid="13" />
                <SequencePoint vc="1" uspid="593" ordinal="1" offset="1" sl="64" sc="13" el="64" ec="30" bec="0" bev="0" fileid="13" />
                <SequencePoint vc="1" uspid="594" ordinal="2" offset="11" sl="65" sc="9" el="65" ec="10" bec="0" bev="0" fileid="13" />
              </SequencePoints>
              <BranchPoints />
              <MethodPoint xsi:type="SequencePoint" vc="1" uspid="592" ordinal="0" offset="0" sl="63" sc="9" el="63" ec="10" bec="0" bev="0" fileid="13" />
            </Method>
            <Method visited="true" cyclomaticComplexity="1" nPathComplexity="0" sequenceCoverage="100" branchCoverage="100" crapScore="1" isConstructor="false" isStatic="true" isGetter="false" isSetter="false">
              <Summary numSequencePoints="3" visitedSequencePoints="3" numBranchPoints="1" visitedBranchPoints="1" sequenceCoverage="100" branchCoverage="100" maxCyclomaticComplexity="1" minCyclomaticComplexity="1" maxCrapScore="1" minCrapScore="1" visitedClasses="0" numClasses="0" visitedMethods="1" numMethods="1" />
              <MetadataToken>100663348</MetadataToken>
              <Name>System.Double Lab9_1.Point::op_Implicit(Lab9_1.Point)</Name>
              <FileRef uid="13" />
              <SequencePoints>
                <SequencePoint vc="1" uspid="595" ordinal="0" offset="0" sl="68" sc="9" el="68" ec="10" bec="0" bev="0" fileid="13" />
                <SequencePoint vc="1" uspid="596" ordinal="1" offset="1" sl="69" sc="13" el="69" ec="25" bec="0" bev="0" fileid="13" />
                <SequencePoint vc="1" uspid="597" ordinal="2" offset="10" sl="70" sc="9" el="70" ec="10" bec="0" bev="0" fileid="13" />
              </SequencePoints>
              <BranchPoints />
              <MethodPoint xsi:type="SequencePoint" vc="1" uspid="595" ordinal="0" offset="0" sl="68" sc="9" el="68" ec="10" bec="0" bev="0" fileid="13" />
            </Method>
            <Method visited="true" cyclomaticComplexity="1" nPathComplexity="0" sequenceCoverage="100" branchCoverage="100" crapScore="1" isConstructor="false" isStatic="true" isGetter="false" isSetter="false">
              <Summary numSequencePoints="3" visitedSequencePoints="3" numBranchPoints="1" visitedBranchPoints="1" sequenceCoverage="100" branchCoverage="100" maxCyclomaticComplexity="1" minCyclomaticComplexity="1" maxCrapScore="1" minCrapScore="1" visitedClasses="0" numClasses="0" visitedMethods="1" numMethods="1" />
              <MetadataToken>100663349</MetadataToken>
              <Name>System.Double Lab9_1.Point::op_Addition(Lab9_1.Point,Lab9_1.Point)</Name>
              <FileRef uid="13" />
              <SequencePoints>
                <SequencePoint vc="1" uspid="598" ordinal="0" offset="0" sl="73" sc="9" el="73" ec="10" bec="0" bev="0" fileid="13" />
                <SequencePoint vc="1" uspid="599" ordinal="1" offset="1" sl="74" sc="13" el="74" ec="43" bec="0" bev="0" fileid="13" />
                <SequencePoint vc="1" uspid="600" ordinal="2" offset="11" sl="75" sc="9" el="75" ec="10" bec="0" bev="0" fileid="13" />
              </SequencePoints>
              <BranchPoints />
              <MethodPoint xsi:type="SequencePoint" vc="1" uspid="598" ordinal="0" offset="0" sl="73" sc="9" el="73" ec="10" bec="0" bev="0" fileid="13" />
            </Method>
            <Method visited="true" cyclomaticComplexity="1" nPathComplexity="0" sequenceCoverage="100" branchCoverage="100" crapScore="1" isConstructor="false" isStatic="true" isGetter="false" isSetter="false">
              <Summary numSequencePoints="4" visitedSequencePoints="4" numBranchPoints="1" visitedBranchPoints="1" sequenceCoverage="100" branchCoverage="100" maxCyclomaticComplexity="1" minCyclomaticComplexity="1" maxCrapScore="1" minCrapScore="1" visitedClasses="0" numClasses="0" visitedMethods="1" numMethods="1" />
              <MetadataToken>100663350</MetadataToken>
              <Name>Lab9_1.Point Lab9_1.Point::op_Addition(System.Double,Lab9_1.Point)</Name>
              <FileRef uid="13" />
              <SequencePoints>
                <SequencePoint vc="1" uspid="601" ordinal="0" offset="0" sl="78" sc="9" el="78" ec="10" bec="0" bev="0" fileid="13" />
                <SequencePoint vc="1" uspid="602" ordinal="1" offset="1" sl="79" sc="13" el="79" ec="28" bec="0" bev="0" fileid="13" />
                <SequencePoint vc="1" uspid="603" ordinal="2" offset="15" sl="80" sc="13" el="80" ec="23" bec="0" bev="0" fileid="13" />
                <SequencePoint vc="1" uspid="604" ordinal="3" offset="19" sl="81" sc="9" el="81" ec="10" bec="0" bev="0" fileid="13" />
              </SequencePoints>
              <BranchPoints />
              <MethodPoint xsi:type="SequencePoint" vc="1" uspid="601" ordinal="0" offset="0" sl="78" sc="9" el="78" ec="10" bec="0" bev="0" fileid="13" />
            </Method>
            <Method visited="true" cyclomaticComplexity="1" nPathComplexity="0" sequenceCoverage="100" branchCoverage="100" crapScore="1" isConstructor="false" isStatic="true" isGetter="false" isSetter="false">
              <Summary numSequencePoints="4" visitedSequencePoints="4" numBranchPoints="1" visitedBranchPoints="1" sequenceCoverage="100" branchCoverage="100" maxCyclomaticComplexity="1" minCyclomaticComplexity="1" maxCrapScore="1" minCrapScore="1" visitedClasses="0" numClasses="0" visitedMethods="1" numMethods="1" />
              <MetadataToken>100663351</MetadataToken>
              <Name>Lab9_1.Point Lab9_1.Point::op_Addition(Lab9_1.Point,System.Double)</Name>
              <FileRef uid="13" />
              <SequencePoints>
                <SequencePoint vc="1" uspid="605" ordinal="0" offset="0" sl="84" sc="9" el="84" ec="10" bec="0" bev="0" fileid="13" />
                <SequencePoint vc="1" uspid="606" ordinal="1" offset="1" sl="85" sc="13" el="85" ec="28" bec="0" bev="0" fileid="13" />
                <SequencePoint vc="1" uspid="607" ordinal="2" offset="15" sl="86" sc="13" el="86" ec="23" bec="0" bev="0" fileid="13" />
                <SequencePoint vc="1" uspid="608" ordinal="3" offset="19" sl="87" sc="9" el="87" ec="10" bec="0" bev="0" fileid="13" />
              </SequencePoints>
              <BranchPoints />
              <MethodPoint xsi:type="SequencePoint" vc="1" uspid="605" ordinal="0" offset="0" sl="84" sc="9" el="84" ec="10" bec="0" bev="0" fileid="13" />
            </Method>
            <Method visited="true" cyclomaticComplexity="2" nPathComplexity="2" sequenceCoverage="100" branchCoverage="66.67" crapScore="2" isConstructor="false" isStatic="false" isGetter="false" isSetter="false">
              <Summary numSequencePoints="3" visitedSequencePoints="3" numBranchPoints="3" visitedBranchPoints="2" sequenceCoverage="100" branchCoverage="66.67" maxCyclomaticComplexity="2" minCyclomaticComplexity="2" maxCrapScore="2" minCrapScore="2" visitedClasses="0" numClasses="0" visitedMethods="1" numMethods="1" />
              <MetadataToken>100663352</MetadataToken>
              <Name>System.Boolean Lab9_1.Point::Equals(System.Object)</Name>
              <FileRef uid="13" />
              <SequencePoints>
                <SequencePoint vc="6" uspid="609" ordinal="0" offset="0" sl="90" sc="9" el="90" ec="10" bec="0" bev="0" fileid="13" />
                <SequencePoint vc="6" uspid="610" ordinal="1" offset="1" sl="91" sc="13" el="92" ec="45" bec="2" bev="1" fileid="13" />
                <SequencePoint vc="6" uspid="611" ordinal="2" offset="45" sl="93" sc="9" el="93" ec="10" bec="0" bev="0" fileid="13" />
              </SequencePoints>
              <BranchPoints>
                <BranchPoint vc="6" uspid="612" ordinal="0" offset="18" sl="91" path="0" offsetend="20" fileid="13" />
                <BranchPoint vc="0" uspid="613" ordinal="1" offset="18" sl="91" path="1" offsetend="41" fileid="13" />
              </BranchPoints>
              <MethodPoint xsi:type="SequencePoint" vc="6" uspid="609" ordinal="0" offset="0" sl="90" sc="9" el="90" ec="10" bec="0" bev="0" fileid="13" />
            </Method>
          </Methods>
        </Class>
      </Classes>
    </Module>
  </Modules>
</CoverageSession>